[20:10:55] [ServerMain/INFO]: [bootstrap] Running Java 21 (OpenJDK 64-Bit Server VM 21.0.5+11-LTS; Eclipse Adoptium Temurin-21.0.5+11) on Linux 5.15.0-138-generic (amd64)
[20:10:55] [ServerMain/INFO]: [bootstrap] Loading Paper 1.21.1-133-ver/1.21.1@3cb8529 (2025-03-28T16:14:36Z) for Minecraft 1.21.1
[20:10:55] [ServerMain/INFO]: [PluginInitializerManager] Initializing plugins...
[20:10:55] [ServerMain/INFO]: [PluginInitializerManager] Initialized 17 plugins
[20:10:55] [ServerMain/INFO]: [PluginInitializerManager] Bukkit plugins (17):
 - Citizens (2.0.35-SNAPSHOT (build 3595)), DecentHolograms (2.9.2), EnhancedBalTop (1.6.4.0), Essentials (2.21.1), EssentialsChat (2.21.1), EssentialsSpawn (2.21.1), HeadsPlus (7.1.6), HolographicScoreboard (1.5.1), PlaceholderAPI (2.11.6), ProtocolLib (5.3.0), TNTRun_reloaded (9.29), TitleManager (2.3.6), Vault (1.7.3-b131), ViaVersion (5.4.0), WorldEdit (7.3.9+6959-7adf70b), WorldGuard (7.0.12+829a4a4), ajLeaderboards (2.10.1)
[20:10:57] [ServerMain/INFO]: Environment: Environment[sessionHost=https://sessionserver.mojang.com, servicesHost=https://api.minecraftservices.com, name=PROD]
[20:10:58] [ServerMain/INFO]: Loaded 1290 recipes
[20:10:58] [ServerMain/INFO]: Loaded 1399 advancements
[20:10:59] [Server thread/INFO]: Starting minecraft server version 1.21.1
[20:10:59] [Server thread/INFO]: Loading properties
[20:10:59] [Server thread/INFO]: This server is running Paper version 1.21.1-133-ver/1.21.1@3cb8529 (2025-03-28T16:14:36Z) (Implementing API version 1.21.1-R0.1-SNAPSHOT)
[20:10:59] [Server thread/INFO]: [spark] This server bundles the spark profiler. For more information please visit https://docs.papermc.io/paper/profiling
[20:10:59] [Server thread/INFO]: Server Ping Player Sample Count: 12
[20:10:59] [Server thread/INFO]: Using 4 threads for Netty based IO
[20:11:00] [Server thread/INFO]: [ChunkTaskScheduler] Chunk system is using 1 I/O threads, 1 worker threads, and population gen parallelism of 1 threads
[20:11:00] [Server thread/INFO]: Default game type: SURVIVAL
[20:11:00] [Server thread/INFO]: Generating keypair
[20:11:00] [Server thread/INFO]: Starting Minecraft server on 69.41.177.229:25684
[20:11:00] [Server thread/INFO]: Using epoll channel type
[20:11:00] [Server thread/INFO]: Paper: Using libdeflate (Linux x86_64) compression from Velocity.
[20:11:00] [Server thread/INFO]: Paper: Using OpenSSL 3.x.x (Linux x86_64) cipher from Velocity.
[20:11:00] [Server thread/WARN]: [org.bukkit.craftbukkit.legacy.CraftLegacy] Initializing Legacy Material Support. Unless you have legacy plugins and/or data this is a bug!
[20:11:04] [Server thread/WARN]: Legacy plugin EnhancedBalTop v1.6.4.0 does not specify an api-version.
[20:11:04] [Server thread/WARN]: Legacy plugin HolographicScoreboard v1.5.1 does not specify an api-version.
[20:11:04] [Server thread/INFO]: [SpigotLibraryLoader] [TNTRun_reloaded] Loading 1 libraries... please wait
[20:11:04] [Server thread/INFO]: [SpigotLibraryLoader] [TNTRun_reloaded] Loaded library /home/minecraft/multicraft/servers/server2870839/tntest/libraries/org/apache/commons/commons-lang3/3.12.0/commons-lang3-3.12.0.jar
[20:11:04] [Server thread/INFO]: [EnhancedBalTop] Loading server plugin EnhancedBalTop v1.6.4.0
[20:11:04] [Server thread/INFO]: [PlaceholderAPI] Loading server plugin PlaceholderAPI v2.11.6
[20:11:04] [Server thread/INFO]: [ViaVersion] Loading server plugin ViaVersion v5.4.0
[20:11:04] [Server thread/INFO]: [ViaVersion] ViaVersion 5.4.0 is now loaded. Registering protocol transformers and injecting...
[20:11:04] [Via-Mappingloader-0/INFO]: [ViaVersion] Loading block connection mappings ...
[20:11:04] [Via-Mappingloader-0/INFO]: [ViaVersion] Using FastUtil Long2ObjectOpenHashMap for block connections
[20:11:05] [Server thread/INFO]: [Vault] Loading server plugin Vault v1.7.3-b131
[20:11:05] [Server thread/INFO]: [ProtocolLib] Loading server plugin ProtocolLib v5.3.0
[20:11:05] [Server thread/INFO]: [HolographicScoreboard] Loading server plugin HolographicScoreboard v1.5.1
[20:11:05] [Server thread/INFO]: [WorldEdit] Loading server plugin WorldEdit v7.3.9+6959-7adf70b
[20:11:05] [Server thread/INFO]: Got request to register class com.sk89q.worldedit.bukkit.BukkitServerInterface with WorldEdit [com.sk89q.worldedit.extension.platform.PlatformManager@3a8dad13]
[20:11:05] [Server thread/INFO]: [DecentHolograms] Loading server plugin DecentHolograms v2.9.2
[20:11:05] [Server thread/INFO]: [Essentials] Loading server plugin Essentials v2.21.1
[20:11:05] [Server thread/INFO]: [ajLeaderboards] Loading server plugin ajLeaderboards v2.10.1
[20:11:05] [Server thread/INFO]: [ajLeaderboards] Verifying checksum for gson
[20:11:05] [Server thread/INFO]: [ajLeaderboards] Checksum matched for gson
[20:11:05] [Server thread/INFO]: [ajLeaderboards] Verifying checksum for jar-relocator
[20:11:05] [Server thread/INFO]: [ajLeaderboards] Checksum matched for jar-relocator
[20:11:05] [Server thread/INFO]: [ajLeaderboards] Verifying checksum for asm
[20:11:05] [Server thread/INFO]: [ajLeaderboards] Checksum matched for asm
[20:11:05] [Server thread/INFO]: [ajLeaderboards] Verifying checksum for asm-commons
[20:11:05] [Server thread/INFO]: [ajLeaderboards] Checksum matched for asm-commons
[20:11:05] [Server thread/INFO]: [ajLeaderboards] Verifying checksum for gson
[20:11:05] [Server thread/INFO]: [ajLeaderboards] Checksum matched for gson
[20:11:05] [Server thread/INFO]: [ajLeaderboards] Verifying checksum for HikariCP
[20:11:05] [Server thread/INFO]: [ajLeaderboards] Checksum matched for HikariCP
[20:11:05] [Server thread/INFO]: [ajLeaderboards] Verifying checksum for slf4j-api
[20:11:05] [Server thread/INFO]: [ajLeaderboards] Checksum matched for slf4j-api
[20:11:05] [Server thread/INFO]: [ajLeaderboards] Verifying checksum for h2
[20:11:05] [Server thread/INFO]: [ajLeaderboards] Checksum matched for h2
[20:11:05] [Server thread/INFO]: [ajLeaderboards] Verifying checksum for okhttp
[20:11:05] [Server thread/INFO]: [ajLeaderboards] Checksum matched for okhttp
[20:11:05] [Server thread/INFO]: [ajLeaderboards] Verifying checksum for okio
[20:11:05] [Server thread/INFO]: [ajLeaderboards] Checksum matched for okio
[20:11:05] [Server thread/INFO]: [ajLeaderboards] Verifying checksum for okio-jvm
[20:11:05] [Server thread/INFO]: [ajLeaderboards] Checksum matched for okio-jvm
[20:11:05] [Server thread/INFO]: [ajLeaderboards] Verifying checksum for kotlin-stdlib-jdk8
[20:11:05] [Server thread/INFO]: [ajLeaderboards] Checksum matched for kotlin-stdlib-jdk8
[20:11:05] [Server thread/INFO]: [ajLeaderboards] Verifying checksum for kotlin-stdlib
[20:11:05] [Server thread/INFO]: [ajLeaderboards] Checksum matched for kotlin-stdlib
[20:11:05] [Server thread/INFO]: [ajLeaderboards] Verifying checksum for kotlin-stdlib-common
[20:11:05] [Server thread/INFO]: [ajLeaderboards] Checksum matched for kotlin-stdlib-common
[20:11:05] [Server thread/INFO]: [ajLeaderboards] Verifying checksum for annotations
[20:11:05] [Server thread/INFO]: [ajLeaderboards] Checksum matched for annotations
[20:11:05] [Server thread/INFO]: [ajLeaderboards] Verifying checksum for kotlin-stdlib-jdk7
[20:11:05] [Server thread/INFO]: [ajLeaderboards] Checksum matched for kotlin-stdlib-jdk7
[20:11:05] [Server thread/INFO]: [EssentialsChat] Loading server plugin EssentialsChat v2.21.1
[20:11:05] [Server thread/INFO]: [EssentialsSpawn] Loading server plugin EssentialsSpawn v2.21.1
[20:11:05] [Server thread/INFO]: [WorldGuard] Loading server plugin WorldGuard v7.0.12+829a4a4
[20:11:05] [Server thread/INFO]: [TitleManager] Loading server plugin TitleManager v2.3.6
[20:11:05] [Server thread/INFO]: [Citizens] Loading server plugin Citizens v2.0.35-SNAPSHOT (build 3595)
[20:11:05] [Server thread/INFO]: [HeadsPlus] Loading server plugin HeadsPlus v7.1.6
[20:11:05] [Server thread/INFO]: [TNTRun_reloaded] Loading server plugin TNTRun_reloaded v9.29
[20:11:05] [Server thread/INFO]: Server permissions file permissions.yml is empty, ignoring it
[20:11:05] [Server thread/INFO]: [Vault] Enabling Vault v1.7.3-b131
[20:11:05] [Server thread/INFO]: [Vault] [Economy] Essentials Economy found: Waiting
[20:11:05] [Server thread/INFO]: [Vault] [Permission] SuperPermissions loaded as backup permission system.
[20:11:05] [Server thread/INFO]: [Vault] Enabled Version 1.7.3-b131
[20:11:05] [Server thread/INFO]: [ProtocolLib] Enabling ProtocolLib v5.3.0
[20:11:05] [Server thread/INFO]: [WorldEdit] Enabling WorldEdit v7.3.9+6959-7adf70b
[20:11:05] [Server thread/INFO]: Registering commands with com.sk89q.worldedit.bukkit.BukkitServerInterface
[20:11:05] [Server thread/INFO]: WEPIF: Vault detected! Using Vault for permissions
[20:11:05] [Server thread/INFO]: Using com.sk89q.worldedit.bukkit.adapter.impl.v1_21.PaperweightAdapter as the Bukkit adapter
[20:11:06] [Server thread/INFO]: Preparing level "TNTRun_world"
[20:11:06] [Server thread/INFO]: Preparing start region for dimension minecraft:overworld
[20:11:06] [Server thread/INFO]: Time elapsed: 234 ms
[20:11:06] [Server thread/INFO]: Preparing start region for dimension minecraft:the_nether
[20:11:06] [Server thread/INFO]: Time elapsed: 60 ms
[20:11:06] [Server thread/INFO]: Preparing start region for dimension minecraft:the_end
[20:11:07] [Server thread/INFO]: Time elapsed: 320 ms
[20:11:07] [Server thread/INFO]: [EnhancedBalTop] Enabling EnhancedBalTop v1.6.4.0*
[20:11:07] [Server thread/INFO]: [EnhBalTop] Failed To Check For Update.....
[20:11:07] [Server thread/INFO]: [EnhBalTop] Hooked Successfully Into Vault Economy (EssentialsX Economy)
[20:11:07] [Server thread/INFO]: [EnhBalTop] Hooked Successfully Into Vault Permissions (SuperPerms)
[20:11:07] [Server thread/INFO]: [PlaceholderAPI] Enabling PlaceholderAPI v2.11.6
[20:11:07] [Server thread/INFO]: [PlaceholderAPI] Fetching available expansion information...
[20:11:07] [Server thread/INFO]: [ViaVersion] Enabling ViaVersion v5.4.0
[20:11:07] [Server thread/INFO]: [ViaVersion] ViaVersion detected server version: 1.21-1.21.1 (767)
[20:11:07] [Server thread/INFO]: [HolographicScoreboard] Enabling HolographicScoreboard v1.5.1*
[20:11:07] [Server thread/ERROR]: [HolographicScoreboard] *** ProtocolLib and HolographicDisplays or Holograms is required! ***
=> HolographicScoreboard will be disabled!!
[20:11:07] [Server thread/INFO]: [DecentHolograms] Enabling DecentHolograms v2.9.2
[20:11:07] [Server thread/INFO]: [DecentHolograms] Initialized NMS adapter for v1_21_R1 (1.21.1).
[20:11:07] [Server thread/INFO]: [NBTAPI] [NBTAPI] Found Minecraft: 1.21.1! Trying to find NMS support
[20:11:07] [Server thread/INFO]: [NBTAPI] [NBTAPI] NMS support 'MC1_21_R1' loaded!
[20:11:07] [Server thread/INFO]: [NBTAPI] [NBTAPI] Using the plugin 'DecentHolograms' to create a bStats instance!
[20:11:07] [Server thread/INFO]: [DecentHolograms] NBT-API loaded successfully.
[20:11:07] [Server thread/INFO]: [Essentials] Enabling Essentials v2.21.1
[20:11:07] [Server thread/ERROR]: [Essentials] You are running an unsupported server version!
[20:11:07] [Server thread/INFO]: [Essentials] Attempting to convert old kits in config.yml to new kits.yml
[20:11:07] [Server thread/INFO]: [Essentials] No kits found to migrate.
[20:11:08] [Server thread/INFO]: [Essentials] Selected Paper Material Tag Provider as the provider for MaterialTagProvider
[20:11:08] [Server thread/INFO]: [Essentials] Selected Reflection Formatted Command Alias Provider as the provider for FormattedCommandAliasProvider
[20:11:08] [Server thread/INFO]: [Essentials] Selected Reflection Online Mode Provider as the provider for OnlineModeProvider
[20:11:08] [Server thread/INFO]: [Essentials] Selected 1.20.4+ Damage Event Provider as the provider for DamageEventProvider
[20:11:08] [Server thread/INFO]: [Essentials] Selected Paper Tick Count Provider as the provider for TickCountProvider
[20:11:08] [Server thread/INFO]: [Essentials] Selected 1.12.2+ Player Locale Provider as the provider for PlayerLocaleProvider
[20:11:08] [Server thread/INFO]: [Essentials] Selected 1.21+ InventoryView Interface ABI Provider as the provider for InventoryViewProvider
[20:11:08] [Server thread/INFO]: [Essentials] Selected 1.13+ Spawn Egg Provider as the provider for SpawnEggProvider
[20:11:08] [Server thread/INFO]: [Essentials] Selected Paper Biome Key Provider as the provider for BiomeKeyProvider
[20:11:08] [Server thread/INFO]: [Essentials] Selected Paper Known Commands Provider as the provider for KnownCommandsProvider
[20:11:08] [Server thread/INFO]: [Essentials] Selected 1.11+ Item Unbreakable Provider as the provider for ItemUnbreakableProvider
[20:11:08] [Server thread/INFO]: [Essentials] Selected 1.20.5+ Banner Data Provider as the provider for BannerDataProvider
[20:11:08] [Server thread/INFO]: [Essentials] Selected Paper Serialization Provider as the provider for SerializationProvider
[20:11:08] [Server thread/INFO]: [Essentials] Selected 1.8.3+ Spawner Item Provider as the provider for SpawnerItemProvider
[20:11:08] [Server thread/INFO]: [Essentials] Selected Paper Container Provider as the provider for ContainerProvider
[20:11:08] [Server thread/INFO]: [Essentials] Selected 1.17.1+ World Info Provider as the provider for WorldInfoProvider
[20:11:08] [Server thread/INFO]: [Essentials] Selected 1.14+ Sign Data Provider as the provider for SignDataProvider
[20:11:08] [Server thread/INFO]: [Essentials] Selected Reflection Sync Commands Provider as the provider for SyncCommandsProvider
[20:11:08] [Server thread/INFO]: [Essentials] Selected 1.20.6+ Potion Meta Provider as the provider for PotionMetaProvider
[20:11:08] [Server thread/INFO]: [Essentials] Selected 1.12+ Spawner Block Provider as the provider for SpawnerBlockProvider
[20:11:08] [Server thread/INFO]: [Essentials] Selected Paper Server State Provider as the provider for ServerStateProvider
[20:11:08] [Server thread/INFO]: [Essentials] Selected 1.14.4+ Persistent Data Container Provider as the provider for PersistentDataProvider
[20:11:08] [Server thread/INFO]: [Essentials] Loaded 43517 items from items.json.
[20:11:08] [Server thread/INFO]: [Essentials] Using locale en_US
[20:11:08] [Server thread/INFO]: [Essentials] ServerListPingEvent: Spigot iterator API
[20:11:08] [Server thread/INFO]: [Essentials] Starting Metrics. Opt-out using the global bStats config.
[20:11:08] [Server thread/INFO]: [Vault] [Economy] Essentials Economy hooked.
[20:11:08] [Server thread/INFO]: [Essentials] Using superperms-based permissions.
[20:11:08] [Server thread/INFO]: [ajLeaderboards] Enabling ajLeaderboards v2.10.1
[20:11:08] [Server thread/INFO]: [ajLeaderboards] Using H2 flatfile for board cache. (h2)
[20:11:08] [Server thread/INFO]: [ajLeaderboards] Loaded 0 boards
[20:11:08] [Server thread/INFO]: [PlaceholderAPI] Successfully registered internal expansion: ajlb [2.10.1]
[20:11:08] [Server thread/INFO]: [ajLeaderboards] PAPI placeholders successfully registered!
[20:11:08] [Server thread/INFO]: [ajLeaderboards] ajLeaderboards v2.10.1 by ajgeiss0702 enabled!
[20:11:08] [Server thread/INFO]: [EssentialsChat] Enabling EssentialsChat v2.21.1
[20:11:08] [Server thread/INFO]: [EssentialsChat] Starting Metrics. Opt-out using the global bStats config.
[20:11:08] [Server thread/INFO]: [EssentialsSpawn] Enabling EssentialsSpawn v2.21.1
[20:11:08] [Server thread/INFO]: [EssentialsSpawn] Starting Metrics. Opt-out using the global bStats config.
[20:11:08] [Server thread/INFO]: [WorldGuard] Enabling WorldGuard v7.0.12+829a4a4
[20:11:08] [Server thread/INFO]: [WorldGuard] (TNTRun_world) TNT ignition is PERMITTED.
[20:11:08] [Server thread/INFO]: [WorldGuard] (TNTRun_world) Lighters are PERMITTED.
[20:11:08] [Server thread/INFO]: [WorldGuard] (TNTRun_world) Lava fire is blocked.
[20:11:08] [Server thread/INFO]: [WorldGuard] (TNTRun_world) Fire spread is UNRESTRICTED.
[20:11:08] [Server thread/INFO]: [WorldGuard] Loaded configuration for world 'TNTRun_world'
[20:11:08] [Server thread/INFO]: [WorldGuard] (TNTRun_world_nether) TNT ignition is PERMITTED.
[20:11:08] [Server thread/INFO]: [WorldGuard] (TNTRun_world_nether) Lighters are PERMITTED.
[20:11:08] [Server thread/INFO]: [WorldGuard] (TNTRun_world_nether) Lava fire is blocked.
[20:11:08] [Server thread/INFO]: [WorldGuard] (TNTRun_world_nether) Fire spread is UNRESTRICTED.
[20:11:08] [Server thread/INFO]: [WorldGuard] Loaded configuration for world 'TNTRun_world_nether'
[20:11:08] [Server thread/INFO]: [WorldGuard] (TNTRun_world_the_end) TNT ignition is PERMITTED.
[20:11:08] [Server thread/INFO]: [WorldGuard] (TNTRun_world_the_end) Lighters are PERMITTED.
[20:11:08] [Server thread/INFO]: [WorldGuard] (TNTRun_world_the_end) Lava fire is blocked.
[20:11:08] [Server thread/INFO]: [WorldGuard] (TNTRun_world_the_end) Fire spread is UNRESTRICTED.
[20:11:08] [Server thread/INFO]: [WorldGuard] Loaded configuration for world 'TNTRun_world_the_end'
[20:11:08] [Server thread/INFO]: [WorldGuard] Loading region data...
[20:11:09] [Server thread/INFO]: [TitleManager] Enabling TitleManager v2.3.6
[20:11:09] [Server thread/INFO]: [Citizens] Enabling Citizens v2.0.35-SNAPSHOT (build 3595)
[20:11:09] [Server thread/INFO]: [Citizens] Loading external libraries
[20:11:09] [Server thread/INFO]: [Citizens] Using mojmapped server, avoiding server package checks
[20:11:09] [Server thread/INFO]: [Citizens] Loaded 0 templates.
[20:11:09] [Server thread/INFO]: [PlaceholderAPI] Successfully registered internal expansion: citizensplaceholder [1.0.0]
[20:11:09] [Server thread/INFO]: [Citizens] Loaded economy handling via Vault.
[20:11:09] [Server thread/INFO]: [HeadsPlus] Enabling HeadsPlus v7.1.6
[20:11:09] [Server thread/INFO]: [HeadsPlus] Using the PaperProfileHandler profile handler.
[20:11:09] [Server thread/INFO]: [HeadsPlus] Registered 445 heads.
[20:11:09] [Server thread/INFO]: [HeadsPlus] Registered 3 masks.
[20:11:09] [Server thread/INFO]: [PlaceholderAPI] Successfully registered internal expansion: headsplus [7.1.6]
[20:11:09] [Server thread/INFO]: [HeadsPlus] We've registered our PAPI placeholders!
[20:11:09] [Server thread/INFO]: HeadsPlus »  HeadsPlus has been enabled!
[20:11:09] [Server thread/INFO]:     __  __               __     ____  __                   _____
[20:11:09] [Server thread/INFO]:    / / / /__  ____ _____/ /____/ __ \/ /_  _______   _   _/__  /
[20:11:09] [Server thread/INFO]:   / /_/ / _ \/ __ `/ __  / ___/ /_/ / / / / / ___/  | | / / / / 
[20:11:09] [Server thread/INFO]:  / __  /  __/ /_/ / /_/ /__  / ____/ / /_/ /__  /   | |/ / / /  
[20:11:09] [Server thread/INFO]: /_/ /_/\___/\__,_/\__,_/____/_/   /_/\__,_/____/    |___/ /_/  
[20:11:09] [Server thread/INFO]:                                                                 
[20:11:09] [Server thread/INFO]: HeadsPlus 7.1.6 has been enabled successfully!
[20:11:09] [Server thread/INFO]: 
[20:11:09] [Server thread/INFO]: [TNTRun_reloaded] Enabling TNTRun_reloaded v9.29
[20:11:09] [Server thread/INFO]: [TNTRun_reloaded] Successfully linked with HeadsPlus, version 7.1.6
[20:11:09] [Server thread/INFO]: [TNTRun_reloaded] Successfully linked with PlaceholderAPI, version 2.11.6
[20:11:09] [Server thread/INFO]: [PlaceholderAPI] Successfully registered internal expansion: tntrun [9.29]
[20:11:09] [Server thread/INFO]: [TNTRun_reloaded] Successfully linked with Vault, version 1.7.3-b131
[20:11:09] [Server thread/INFO]: [TNTRun_reloaded] Vault: economy enabled.
[20:11:09] [Server thread/INFO]: [TNTRun_reloaded] Vault: chat plugin not detected.
[20:11:09] [Server thread/INFO]: [TNTRun_reloaded] Attempting to start metrics (bStats)...
[20:11:09] [Server thread/INFO]: [spark] Starting background profiler...
[20:11:10] [Server thread/INFO]: [PlaceholderAPI] Placeholder expansion registration initializing...
[20:11:10] [Server thread/INFO]: Done preparing level "TNTRun_world" (3.764s)
[20:11:10] [Server thread/INFO]: Running delayed init tasks
[20:11:10] [Craft Scheduler Thread - 7 - ViaVersion/INFO]: [ViaVersion] Finished mapping loading, shutting down loader executor.
[20:11:10] [Craft Scheduler Thread - 3 - EnhancedBalTop/INFO]: [EnhBalTop] Hooked Successfully Into PlaceholderAPI v2.11.6
[20:11:10] [Craft Scheduler Thread - 2 - ajLeaderboards/WARN]: [ajLeaderboards] Vault prefix hook failed! Make sure you have a plugin that implements chat (e.g. Luckperms)
[20:11:10] [Craft Scheduler Thread - 8 - DecentHolograms/INFO]: [DecentHolograms] Loading holograms... 
[20:11:10] [Server thread/INFO]: [Essentials] Essentials found a compatible payment resolution method: Vault Compatibility Layer (v1.7.3-b131)!
[20:11:10] [Craft Scheduler Thread - 7 - Vault/INFO]: [Vault] Checking for Updates ... 
[20:11:10] [Craft Scheduler Thread - 4 - Essentials/INFO]: [Essentials] Fetching version information...
[20:11:10] [Craft Scheduler Thread - 2 - HeadsPlus/INFO]: [HeadsPlus] Registered 1 rewards.
[20:11:10] [Craft Scheduler Thread - 2 - HeadsPlus/INFO]: [HeadsPlus] Registered 36 levels.
[20:11:10] [Craft Scheduler Thread - 13 - HeadsPlus/INFO]: [HeadsPlus] Expected count: 1, actual: 1
[20:11:10] [Craft Scheduler Thread - 8 - DecentHolograms/INFO]: [DecentHolograms] Loaded 15 holograms!
[20:11:10] [Server thread/WARN]: [PlaceholderAPI] Failed to load external expansion tntrun. Identifier is already in use.
[20:11:10] [Server thread/WARN]: [PlaceholderAPI] Cannot load expansion tntrun due to an unknown issue.
[20:11:10] [Server thread/INFO]: 0 placeholder hook(s) registered!
[20:11:10] [Craft Scheduler Thread - 7 - Vault/INFO]: [Vault] No new version available
[20:11:10] [Server thread/INFO]: [Citizens] Loaded 3 NPCs.
[20:11:10] [Server thread/INFO]: Done (15.615s)! For help, type "help"
[20:11:10] [Server thread/INFO]: Timings Reset
[20:11:10] [Craft Scheduler Thread - 0 - DecentHolograms/INFO]: 
A newer version of DecentHolograms is available. Download it from: 
- https://www.spigotmc.org/resources/96927/
- https://modrinth.com/plugin/decentholograms
[20:11:10] [Server thread/WARN]: [ViaVersion] There is a newer plugin version available: 5.4.2, you're on: 5.4.0
[20:11:10] [Craft Scheduler Thread - 14 - HeadsPlus/INFO]: [HeadsPlus] §cHeadsPlus §8» §7 Plugin is up to date!
[20:11:10] [Craft Scheduler Thread - 4 - Essentials/WARN]: [Essentials] There is a new EssentialsX version available for download: 2.21.2.
[20:11:10] [Craft Scheduler Thread - 4 - Essentials/WARN]: [Essentials] Download it here: https://essentialsx.net/downloads.html?branch=stable
[20:11:10] [pool-25-thread-1/INFO]: [ajLeaderboards] You are up to date! (2.10.1)
[20:11:10] [Server thread/INFO]: [HeadsPlus] Avengers, assemble!
[20:11:11] [Server thread/INFO]: [ProtocolLib] The updater found an update: 5.4.0 (Running 5.3.0). Download at https://www.spigotmc.org/resources/protocollib.1997/
[20:11:11] [Craft Scheduler Thread - 6 - TNTRun_reloaded/INFO]: [TNTRun_reloaded] Current version: 9.29
[20:11:11] [Craft Scheduler Thread - 6 - TNTRun_reloaded/INFO]: [TNTRun_reloaded] Latest release: 9.32
[20:11:11] [Craft Scheduler Thread - 6 - TNTRun_reloaded/INFO]: [TNTRun_reloaded] Latest release available from Spigot: https://www.spigotmc.org/resources/TNTRun_reloaded.53359/
[20:11:14] [Server thread/INFO]: [EnhBalTop] Fetched And Sorted 2 OffLine Player Balances
[20:11:23] [User Authenticator #0/INFO]: UUID of player DinoWine is da46aa56-b125-41ee-b014-04809aa7a0ab
[20:11:26] [Server thread/INFO]: DinoWine[/184.3.203.94:62410] logged in with entity id 72 at ([TNTRun_world]-229.20914995480763, 26.0, 286.406673257227)
[20:11:26] [Server thread/INFO]: DinoWine Joined TNT Run
[20:12:09] [Server thread/INFO]: DinoWine issued server command: /tr join Freeze
[20:13:01] [Server thread/INFO]: DinoWine issued server command: /npc create --type minecraft:villager
[20:13:30] [Server thread/INFO]: DinoWine issued server command: /npc create "Frost Jenny" --type minecraft:villager
[20:13:43] [Server thread/INFO]: DinoWine issued server command: /npc name
[20:13:56] [Server thread/INFO]: DinoWine issued server command: /npc sound --ambient null
[20:14:19] [Server thread/INFO]: [Essentials] CONSOLE issued server command: /list 
[20:14:19] [Server thread/INFO]: There are 1 out of maximum 9,999 players online.
[20:14:19] [Server thread/INFO]: default: DinoWine
[20:15:38] [Server thread/INFO]: DinoWine issued server command: /npc command add -p tr join Freeze
[20:15:40] [Server thread/INFO]: DinoWine issued server command: /tr join Freeze
[20:16:20] [Server thread/INFO]: DinoWine issued server command: /npc villager --type minecraft:taiga --level 3 --profession minecraft:librarian
[20:17:27] [Server thread/INFO]: [Essentials] CONSOLE issued server command: /list 
[20:17:27] [Server thread/INFO]: There are 1 out of maximum 9,999 players online.
[20:17:27] [Server thread/INFO]: default: DinoWine
[20:17:48] [Server thread/INFO]: DinoWine issued server command: /npc create "Dena Moe" --type minecraft:villager
[20:18:01] [Server thread/INFO]: DinoWine issued server command: /npc sound --ambient null
[20:18:10] [Server thread/INFO]: DinoWine issued server command: /npc name
[20:18:45] [Server thread/INFO]: DinoWine issued server command: /npc villager --level 3 --profession minecraft:toolsmith --type minecraft:desert
[20:18:49] [Server thread/INFO]: DinoWine issued server command: /tr join Dena
[20:19:12] [Server thread/INFO]: DinoWine issued server command: /npc command -p tr join Dena
[20:19:18] [Server thread/INFO]: DinoWine issued server command: /npc command add -p tr join Dena
[20:19:19] [Server thread/INFO]: DinoWine issued server command: /tr join Dena
[20:19:23] [Server thread/INFO]: DinoWine issued server command: /tr join Freeze
[20:19:25] [Server thread/INFO]: DinoWine issued server command: /tr join Tube
[20:19:27] [Server thread/INFO]: DinoWine issued server command: /tr join Deslot
[20:19:27] [Server thread/WARN]: DinoWine moved too quickly! 889.0467980255963,-2.0,-545.5420998885808
[20:19:30] [Server thread/INFO]: DinoWine issued server command: /tr join Mersha
[20:20:36] [Server thread/INFO]: [Essentials] CONSOLE issued server command: /list 
[20:20:36] [Server thread/INFO]: There are 1 out of maximum 9,999 players online.
[20:20:36] [Server thread/INFO]: default: DinoWine
[20:22:12] [Server thread/INFO]: DinoWine issued server command: /tr join Oslow
[20:22:55] [Server thread/INFO]: DinoWine issued server command: /npc create "Ollie" --type minecraft:villager
[20:23:04] [Server thread/INFO]: DinoWine issued server command: /npc sound --ambient null
[20:23:13] [Server thread/INFO]: DinoWine issued server command: /npc name
[20:23:42] [Server thread/INFO]: DinoWine issued server command: /npc villager --level 2 --profession minecraft:weaponsmith --type minecraft:savanna
[20:23:45] [Server thread/INFO]: [Essentials] CONSOLE issued server command: /list 
[20:23:45] [Server thread/INFO]: There are 1 out of maximum 9,999 players online.
[20:23:45] [Server thread/INFO]: default: DinoWine
[20:25:37] [Server thread/INFO]: DinoWine issued server command: /npc create "tikitikitembonosarembocharibaririchipip'perripembo" --type minecraft:villager
[20:26:00] [Server thread/INFO]: DinoWine issued server command: /npc name
[20:26:25] [Server thread/INFO]: DinoWine issued server command: /npc sound --ambient null
[20:26:32] [Server thread/INFO]: DinoWine issued server command: /tr join Totem
[20:26:54] [Server thread/INFO]: [Essentials] CONSOLE issued server command: /list 
[20:26:54] [Server thread/INFO]: There are 1 out of maximum 9,999 players online.
[20:26:54] [Server thread/INFO]: default: DinoWine
[20:27:08] [Server thread/INFO]: DinoWine issued server command: /npc villager --level 2 --profession minecraft:fletcher --type minecraft:snow
[20:27:43] [Server thread/INFO]: DinoWine issued server command: /npc villager --type minecraft:taiga
[20:30:03] [Server thread/INFO]: [Essentials] CONSOLE issued server command: /list 
[20:30:03] [Server thread/INFO]: There are 1 out of maximum 9,999 players online.
[20:30:03] [Server thread/INFO]: default: DinoWine
[20:33:12] [Server thread/INFO]: [Essentials] CONSOLE issued server command: /list 
[20:33:12] [Server thread/INFO]: There are 1 out of maximum 9,999 players online.
[20:33:12] [Server thread/INFO]: default: DinoWine
[20:35:00] [Server thread/INFO]: Automatic saving is now disabled
[20:35:01] [Server thread/INFO]: Automatic saving is now enabled
[20:36:21] [Server thread/INFO]: [Essentials] CONSOLE issued server command: /list 
[20:36:21] [Server thread/INFO]: There are 1 out of maximum 9,999 players online.
[20:36:21] [Server thread/INFO]: default: DinoWine
[20:39:29] [Server thread/INFO]: [Essentials] CONSOLE issued server command: /list 
[20:39:29] [Server thread/INFO]: There are 1 out of maximum 9,999 players online.
[20:39:29] [Server thread/INFO]: default: DinoWine
[20:42:38] [Server thread/INFO]: [Essentials] CONSOLE issued server command: /list 
[20:42:38] [Server thread/INFO]: There are 1 out of maximum 9,999 players online.
[20:42:38] [Server thread/INFO]: default: DinoWine
[20:44:54] [Server thread/INFO]: DinoWine issued server command: /npc command add -p tr join Totem
[20:45:09] [Server thread/INFO]: DinoWine issued server command: /npc select Ollie
[20:45:31] [Server thread/INFO]: DinoWine issued server command: /npc command add -p tr join Oslow
[20:45:32] [Server thread/INFO]: DinoWine issued server command: /tr join Oslow
[20:45:34] [Server thread/INFO]: DinoWine issued server command: /tr join Oslow
[20:45:39] [Server thread/INFO]: DinoWine issued server command: /tr join Totem
[20:45:47] [Server thread/INFO]: [Essentials] CONSOLE issued server command: /list 
[20:45:47] [Server thread/INFO]: There are 1 out of maximum 9,999 players online.
[20:45:47] [Server thread/INFO]: default: DinoWine
[20:45:57] [Server thread/INFO]: DinoWine issued server command: /tr join Azwan
[20:46:56] [Server thread/INFO]: DinoWine issued server command: /npc create "Azwan da Gweat" --type minecraft:villager
[20:47:04] [Server thread/INFO]: DinoWine issued server command: /npc name
[20:47:10] [Server thread/INFO]: DinoWine issued server command: /npc sound --ambient null
[20:47:25] [Server thread/INFO]: DinoWine issued server command: /npc command add -p tr join Azwan
[20:47:26] [Server thread/INFO]: DinoWine issued server command: /tr join Azwan
[20:47:29] [Server thread/INFO]: DinoWine issued server command: /tr join Azwan
[20:48:05] [Server thread/INFO]: DinoWine issued server command: /npc villager --level 2 --profession minecraft:cleric --type minecraft:desert
[20:48:16] [Server thread/INFO]: DinoWine issued server command: /tr join Azwan
[20:48:56] [Server thread/INFO]: [Essentials] CONSOLE issued server command: /list 
[20:48:56] [Server thread/INFO]: There are 1 out of maximum 9,999 players online.
[20:48:56] [Server thread/INFO]: default: DinoWine
[20:50:06] [Server thread/INFO]: DinoWine issued server command: /npc select tikitikitembonosarembocharibaririchipip'peripembo
[20:50:30] [Server thread/INFO]: DinoWine issued server command: /npc select "tikitikitembonosarembocharibaririchipip'peripembo"
[20:50:56] [Server thread/INFO]: DinoWine issued server command: /npc select "tikitikitembonosarembocharibaririchipip'perripembo"
[20:51:08] [Server thread/INFO]: DinoWine issued server command: /npc remove
[20:51:48] [Server thread/INFO]: DinoWine issued server command: /npc create "Tabitha" --type minecraft:villager
[20:51:59] [Server thread/INFO]: DinoWine issued server command: /npc sound --ambient null
[20:52:05] [Server thread/INFO]: [Essentials] CONSOLE issued server command: /list 
[20:52:05] [Server thread/INFO]: There are 1 out of maximum 9,999 players online.
[20:52:05] [Server thread/INFO]: default: DinoWine
[20:52:12] [Server thread/INFO]: DinoWine issued server command: /npc command add -p tr join Totem
[20:52:13] [Server thread/INFO]: DinoWine issued server command: /tr join Totem
[20:52:26] [Server thread/INFO]: DinoWine issued server command: /npc name
[20:53:00] [Server thread/INFO]: DinoWine issued server command: /npc villager --level 2 --profession minecraft:shepherd --type minecraft:plains
[20:53:48] [Server thread/INFO]: DinoWine issued server command: /npc create "Binging with Blasky" --type minecraft:villager
[20:53:53] [Server thread/INFO]: DinoWine issued server command: /npc sound --ambient null
[20:54:03] [Server thread/INFO]: DinoWine issued server command: /npc command add -p tr join Blasky
[20:54:05] [Server thread/INFO]: DinoWine issued server command: /tr join Blasky
[20:54:28] [Server thread/INFO]: DinoWine issued server command: /npc name
[20:54:46] [Server thread/INFO]: DinoWine issued server command: /npc villager --level 3 --profession minecraft:armorer --type minecraft:savanna
[20:55:14] [Server thread/INFO]: [Essentials] CONSOLE issued server command: /list 
[20:55:14] [Server thread/INFO]: There are 1 out of maximum 9,999 players online.
[20:55:14] [Server thread/INFO]: default: DinoWine
[20:55:14] [Server thread/INFO]: DinoWine issued server command: /tr join Cave
[20:56:11] [Server thread/INFO]: DinoWine issued server command: /npc add Greta
[20:56:29] [Server thread/INFO]: DinoWine issued server command: /npc create "Greta" --type minecraft:villager
[20:56:37] [Server thread/INFO]: DinoWine issued server command: /npc sound --ambient null
[20:56:40] [Server thread/INFO]: DinoWine issued server command: /npc name
[20:56:58] [Server thread/INFO]: DinoWine issued server command: /npc villager --level 4 --profession minecraft:cleric --type minecraft:plains
[20:57:12] [Server thread/INFO]: DinoWine issued server command: /tr join Blasky
[20:57:13] [Server thread/INFO]: DinoWine issued server command: /tr join Azwan
[20:57:16] [Server thread/INFO]: DinoWine issued server command: /tr join Totem
[20:57:19] [Server thread/INFO]: DinoWine issued server command: /tr join Oslow
[20:57:48] [Server thread/INFO]: DinoWine issued server command: /npc command -p tr join Cave
[20:57:53] [Server thread/INFO]: DinoWine issued server command: /npc command add -p tr join Cave
[20:57:54] [Server thread/INFO]: DinoWine issued server command: /tr join Cave
[20:57:58] [Server thread/INFO]: DinoWine issued server command: /tr join Sezlot
[20:58:23] [Server thread/INFO]: [Essentials] CONSOLE issued server command: /list 
[20:58:23] [Server thread/INFO]: There are 1 out of maximum 9,999 players online.
[20:58:23] [Server thread/INFO]: default: DinoWine
[21:00:44] [Server thread/INFO]: DinoWine issued server command: /npc create "Gabby" --type minecraft:villager
[21:00:51] [Server thread/INFO]: DinoWine issued server command: /npc sound --ambient null
[21:01:19] [Server thread/INFO]: DinoWine issued server command: /npc villager --level 4 --profession minecraft:toolsmith --type minecraft:taiga
[21:01:27] [Server thread/INFO]: DinoWine issued server command: /npc name
[21:01:31] [Server thread/INFO]: [Essentials] CONSOLE issued server command: /list 
[21:01:31] [Server thread/INFO]: There are 1 out of maximum 9,999 players online.
[21:01:31] [Server thread/INFO]: default: DinoWine
[21:02:01] [Server thread/INFO]: DinoWine issued server command: /npc create "Norn" --type minecraft:villager
[21:02:10] [Server thread/INFO]: DinoWine issued server command: /npc name
[21:02:17] [Server thread/INFO]: DinoWine issued server command: /npc sound --ambient null
[21:02:22] [Server thread/INFO]: DinoWine issued server command: /tr join Cave
[21:02:30] [Server thread/INFO]: DinoWine issued server command: /npc select Gabby
[21:02:41] [Server thread/INFO]: DinoWine issued server command: /npc command add -p tr join Sezlot
[21:02:42] [Server thread/INFO]: DinoWine issued server command: /tr join Sezlot
[21:02:51] [Server thread/INFO]: DinoWine issued server command: /npc select Norn
[21:03:01] [Server thread/INFO]: DinoWine issued server command: /npc command add -p tr join Norlan
[21:03:24] [Server thread/INFO]: DinoWine issued server command: /npc villager --level 4 --profession minecraft:farmer --type minecraft:plains
[21:03:27] [Server thread/INFO]: DinoWine issued server command: /tr join Norlan
[21:03:30] [Server thread/INFO]: DinoWine issued server command: /tr join Norlan
[21:03:40] [Server thread/INFO]: DinoWine issued server command: /tr join Quarent
[21:04:40] [Server thread/INFO]: [Essentials] CONSOLE issued server command: /list 
[21:04:40] [Server thread/INFO]: There are 1 out of maximum 9,999 players online.
[21:04:40] [Server thread/INFO]: default: DinoWine
[21:04:40] [Server thread/INFO]: DinoWine issued server command: /npc create "QRNT" --type minecraft:iron_golem
[21:04:54] [Server thread/INFO]: DinoWine issued server command: /npc type minecraft:villager
[21:04:57] [Server thread/INFO]: DinoWine issued server command: /npc name
[21:05:01] [Server thread/INFO]: DinoWine issued server command: /npc sound --ambient null
[21:05:10] [Server thread/INFO]: DinoWine issued server command: /npc command add -p tr join Quarent
[21:05:11] [Server thread/INFO]: DinoWine issued server command: /tr join Quarent
[21:05:14] [Server thread/INFO]: DinoWine issued server command: /tr join Norlan
[21:05:16] [Server thread/INFO]: DinoWine issued server command: /tr join Quarent
[21:05:16] [Server thread/WARN]: DinoWine moved too quickly! 455.0896871263765,15.0,-466.04023605671205
[21:05:18] [Server thread/INFO]: DinoWine issued server command: /tr join Quarent
[21:05:39] [Server thread/INFO]: DinoWine issued server command: /npc villager --level 4 --profession minecraft:mason
[21:07:00] [Server thread/INFO]: DinoWine issued server command: /gamemode creative
[21:07:49] [Server thread/INFO]: [Essentials] CONSOLE issued server command: /list 
[21:07:49] [Server thread/INFO]: There are 1 out of maximum 9,999 players online.
[21:07:49] [Server thread/INFO]: default: DinoWine
[21:10:58] [Server thread/INFO]: [Essentials] CONSOLE issued server command: /list 
[21:10:58] [Server thread/INFO]: There are 1 out of maximum 9,999 players online.
[21:10:58] [Server thread/INFO]: default: DinoWine
[21:11:27] [Server thread/INFO]: DinoWine issued server command: /npc lookclose
[21:12:04] [Server thread/INFO]: DinoWine issued server command: /npc lookclose --range 4
[21:14:07] [Server thread/INFO]: [Essentials] CONSOLE issued server command: /list 
[21:14:07] [Server thread/INFO]: There are 1 out of maximum 9,999 players online.
[21:14:07] [Server thread/INFO]: default: DinoWine
[21:14:07] [Server thread/INFO]: DinoWine issued server command: /npc lookclose
[21:14:25] [Server thread/INFO]: DinoWine issued server command: /npc lookclose
[21:15:56] [Server thread/INFO]: DinoWine issued server command: /npc select daisy
[21:15:59] [Server thread/INFO]: DinoWine issued server command: /npc lookclose --range 4
[21:16:10] [Server thread/INFO]: DinoWine issued server command: /npc select peony
[21:16:12] [Server thread/INFO]: DinoWine issued server command: /npc lookclose --range 4
[21:16:31] [Server thread/INFO]: DinoWine issued server command: /npc lookclose
[21:16:36] [Server thread/INFO]: DinoWine issued server command: /npc select daisy
[21:16:37] [Server thread/INFO]: DinoWine issued server command: /npc lookclose
[21:17:16] [Server thread/INFO]: [Essentials] CONSOLE issued server command: /list 
[21:17:16] [Server thread/INFO]: There are 1 out of maximum 9,999 players online.
[21:17:16] [Server thread/INFO]: default: DinoWine
[21:17:22] [Server thread/INFO]: DinoWine issued server command: /npc select "Tubular Terry"
[21:17:24] [Server thread/INFO]: DinoWine issued server command: /npc lookclose
[21:17:28] [Server thread/INFO]: DinoWine issued server command: /npc lookclose --range 4
[21:18:00] [Server thread/INFO]: DinoWine issued server command: /npc select "Ollie"
[21:18:03] [Server thread/INFO]: DinoWine issued server command: /npc lookclose --range 4
[21:18:06] [Server thread/INFO]: DinoWine issued server command: /npc lookclose
[21:18:21] [Server thread/INFO]: DinoWine issued server command: /npc select "Frost Jenny"
[21:18:25] [Server thread/INFO]: DinoWine issued server command: /npc lookclose --range 4
[21:18:26] [Server thread/INFO]: DinoWine issued server command: /npc lookclose
[21:18:44] [Server thread/INFO]: DinoWine issued server command: /npc select "Dena Moe"
[21:18:47] [Server thread/INFO]: DinoWine issued server command: /npc lookclose --range 4
[21:18:50] [Server thread/INFO]: DinoWine issued server command: /npc lookclose
[21:19:07] [Server thread/INFO]: DinoWine issued server command: /npc select "Azwan da Gweat"
[21:19:10] [Server thread/INFO]: DinoWine issued server command: /npc lookclose --range 4
[21:19:11] [Server thread/INFO]: DinoWine issued server command: /npc lookclose
[21:19:27] [Server thread/INFO]: DinoWine issued server command: /npc select "Tabitha"
[21:19:28] [Server thread/INFO]: DinoWine issued server command: /npc lookclose --range 4
[21:19:29] [Server thread/INFO]: DinoWine issued server command: /npc lookclose
[21:19:39] [Server thread/INFO]: DinoWine issued server command: /npc select "Greta"
[21:19:40] [Server thread/INFO]: DinoWine issued server command: /npc lookclose --range 4
[21:19:41] [Server thread/INFO]: DinoWine issued server command: /npc lookclose
[21:19:58] [Server thread/INFO]: DinoWine issued server command: /npc select "Binging with Blasky"
[21:19:59] [Server thread/INFO]: DinoWine issued server command: /npc lookclose --range 4
[21:20:00] [Server thread/INFO]: DinoWine issued server command: /npc lookclose
[21:20:12] [Server thread/INFO]: DinoWine issued server command: /npc select "QRNT"
[21:20:15] [Server thread/INFO]: DinoWine issued server command: /npc lookclose
[21:20:18] [Server thread/INFO]: DinoWine issued server command: /npc lookclose
[21:20:25] [Server thread/INFO]: [Essentials] CONSOLE issued server command: /list 
[21:20:25] [Server thread/INFO]: There are 1 out of maximum 9,999 players online.
[21:20:25] [Server thread/INFO]: default: DinoWine
[21:20:31] [Server thread/INFO]: DinoWine issued server command: /npc select "Norn"
[21:20:34] [Server thread/INFO]: DinoWine issued server command: /npc lookclose --range 4
[21:20:35] [Server thread/INFO]: DinoWine issued server command: /npc lookclose
[21:20:48] [Server thread/INFO]: DinoWine issued server command: /npc select "Gabby"
[21:20:49] [Server thread/INFO]: DinoWine issued server command: /npc lookclose --range 4
[21:20:50] [Server thread/INFO]: DinoWine issued server command: /npc lookclose
[21:23:29] [Server thread/INFO]: DinoWine issued server command: /npc create "Miss You Buddy" --type minecraft:fox
[21:23:33] [Server thread/INFO]: [Essentials] CONSOLE issued server command: /list 
[21:23:33] [Server thread/INFO]: There are 1 out of maximum 9,999 players online.
[21:23:33] [Server thread/INFO]: default: DinoWine
[21:23:46] [Server thread/INFO]: DinoWine issued server command: /npc fox --faceplanted true
[21:26:42] [Server thread/INFO]: [Essentials] CONSOLE issued server command: /list 
[21:26:42] [Server thread/INFO]: There are 1 out of maximum 9,999 players online.
[21:26:42] [Server thread/INFO]: default: DinoWine
[21:29:51] [Server thread/INFO]: [Essentials] CONSOLE issued server command: /list 
[21:29:51] [Server thread/INFO]: There are 1 out of maximum 9,999 players online.
[21:29:51] [Server thread/INFO]: default: DinoWine
[21:33:00] [Server thread/INFO]: [Essentials] CONSOLE issued server command: /list 
[21:33:00] [Server thread/INFO]: There are 1 out of maximum 9,999 players online.
[21:33:00] [Server thread/INFO]: default: DinoWine
[21:35:28] [Server thread/INFO]: DinoWine issued server command: /npc loo
[21:35:32] [Server thread/INFO]: DinoWine issued server command: /npc lookclose
[21:36:03] [Server thread/INFO]: DinoWine issued server command: /npc lookclose
[21:36:09] [Server thread/INFO]: [Essentials] CONSOLE issued server command: /list 
[21:36:09] [Server thread/INFO]: There are 1 out of maximum 9,999 players online.
[21:36:09] [Server thread/INFO]: default: DinoWine
[21:36:56] [Server thread/INFO]: DinoWine issued server command: /npc command add -p spawn
[21:36:57] [Server thread/INFO]: DinoWine issued server command: /spawn
[21:38:46] [Server thread/INFO]: DinoWine issued server command: /spawn
[21:39:18] [Server thread/INFO]: [Essentials] CONSOLE issued server command: /list 
[21:39:18] [Server thread/INFO]: There are 1 out of maximum 9,999 players online.
[21:39:18] [Server thread/INFO]: default: DinoWine
[21:42:27] [Server thread/INFO]: [Essentials] CONSOLE issued server command: /list 
[21:42:27] [Server thread/INFO]: There are 1 out of maximum 9,999 players online.
[21:42:27] [Server thread/INFO]: default: DinoWine
[21:43:48] [Server thread/INFO]: DinoWine issued server command: /spawn
[21:44:16] [Server thread/INFO]: DinoWine issued server command: /npc command add -p gamemode survival
[21:44:20] [Server thread/INFO]: DinoWine issued server command: /spawn
[21:44:20] [Server thread/INFO]: DinoWine issued server command: /gamemode survival
[21:44:28] [Server thread/INFO]: DinoWine issued server command: /tr join Cave
[21:44:36] [Server thread/INFO]: DinoWine issued server command: /tr join Sezlot
[21:44:46] [Server thread/INFO]: DinoWine issued server command: /tr join Totem
[21:44:55] [Server thread/INFO]: DinoWine issued server command: /tr join Mersha
[21:45:35] [Server thread/INFO]: [Essentials] CONSOLE issued server command: /list 
[21:45:35] [Server thread/INFO]: There are 1 out of maximum 9,999 players online.
[21:45:35] [Server thread/INFO]: default: DinoWine
[21:48:44] [Server thread/INFO]: [Essentials] CONSOLE issued server command: /list 
[21:48:44] [Server thread/INFO]: There are 1 out of maximum 9,999 players online.
[21:48:44] [Server thread/INFO]: default: DinoWine
[21:51:53] [Server thread/INFO]: [Essentials] CONSOLE issued server command: /list 
[21:51:53] [Server thread/INFO]: There are 1 out of maximum 9,999 players online.
[21:51:53] [Server thread/INFO]: default: DinoWine
[21:54:34] [Server thread/INFO]: DinoWine issued server command: /whitelist off
[21:54:34] [Server thread/INFO]: [DinoWine: Whitelist is now turned off]
[21:55:02] [Server thread/INFO]: [Essentials] CONSOLE issued server command: /list 
[21:55:02] [Server thread/INFO]: There are 1 out of maximum 9,999 players online.
[21:55:02] [Server thread/INFO]: default: DinoWine
[21:56:09] [User Authenticator #1/INFO]: UUID of player Chesvin1 is 5a32cd55-9e5f-43bf-9b63-b602a19571a2
[21:56:10] [Server thread/INFO]: Chesvin1[/181.95.241.207:53643] logged in with entity id 161 at ([TNTRun_world]-213.71848914156163, 26.5, 295.47052573831763)
[21:56:10] [Server thread/INFO]: Chesvin1 Joined TNT Run
[21:56:28] [Server thread/INFO]: Chesvin1 issued server command: /tr join Norlan
[21:56:29] [Server thread/INFO]: Chesvin1 lost connection: Disconnected
[21:56:29] [Server thread/INFO]: Chesvin1 Left TNT Run
[21:56:36] [User Authenticator #1/INFO]: UUID of player Chesvin1 is 5a32cd55-9e5f-43bf-9b63-b602a19571a2
[21:56:37] [Server thread/INFO]: Chesvin1[/181.95.241.207:53728] logged in with entity id 162 at ([TNTRun_world]-214.50160354767647, 26.5, 298.6465587396326)
[21:56:37] [Server thread/INFO]: Chesvin1 Joined TNT Run
[21:57:06] [Async Chat Thread - #2/INFO]: Chesvin1: I like the npcs
[21:57:15] [Async Chat Thread - #2/INFO]: Chesvin1: Can you join one?
[21:57:24] [Async Chat Thread - #2/INFO]: DinoWine: ye
[21:57:27] [Server thread/INFO]: DinoWine issued server command: /tr join Quarent
[21:57:31] [Async Chat Thread - #2/INFO]: Chesvin1: noice
[21:57:32] [Server thread/INFO]: Chesvin1 issued server command: /tr join Quarent
[21:57:37] [Craft Scheduler Thread - 38 - HeadsPlus/INFO]: Environment: Environment[sessionHost=https://sessionserver.mojang.com, servicesHost=https://api.minecraftservices.com, name=PROD]
[21:57:37] [Craft Scheduler Thread - 38 - HeadsPlus/WARN]: [HeadsPlus] Head with ID players_1 not found.
[21:57:38] [Server thread/ERROR]: Could not pass event SectionChangeEvent to HeadsPlus v7.1.6
java.lang.IncompatibleClassChangeError: Method 'org.bukkit.Sound org.bukkit.Sound.valueOf(java.lang.String)' must be Methodref constant
	at HeadsPlus-7.1.6.jar/io.github.thatsmusic99.headsplus.listeners.SoundListener.onEvent(SoundListener.java:36) ~[HeadsPlus-7.1.6.jar:?]
	at HeadsPlus-7.1.6.jar/io.github.thatsmusic99.headsplus.listeners.SoundListener.onEvent(SoundListener.java:16) ~[HeadsPlus-7.1.6.jar:?]
	at HeadsPlus-7.1.6.jar/io.github.thatsmusic99.headsplus.util.events.HeadsPlusEventExecutor.execute(HeadsPlusEventExecutor.java:37) ~[HeadsPlus-7.1.6.jar:?]
	at co.aikar.timings.TimedEventExecutor.execute(TimedEventExecutor.java:80) ~[paper-mojangapi-1.21.1-R0.1-SNAPSHOT.jar:1.21.1-133-3cb8529]
	at org.bukkit.plugin.RegisteredListener.callEvent(RegisteredListener.java:70) ~[paper-mojangapi-1.21.1-R0.1-SNAPSHOT.jar:?]
	at io.papermc.paper.plugin.manager.PaperEventManager.callEvent(PaperEventManager.java:54) ~[paper-1.21.1.jar:1.21.1-133-3cb8529]
	at io.papermc.paper.plugin.manager.PaperPluginManagerImpl.callEvent(PaperPluginManagerImpl.java:131) ~[paper-1.21.1.jar:1.21.1-133-3cb8529]
	at org.bukkit.plugin.SimplePluginManager.callEvent(SimplePluginManager.java:628) ~[paper-mojangapi-1.21.1-R0.1-SNAPSHOT.jar:?]
	at HeadsPlus-7.1.6.jar/io.github.thatsmusic99.headsplus.inventories.icons.content.CustomHeadSection.onClick(CustomHeadSection.java:34) ~[HeadsPlus-7.1.6.jar:?]
	at HeadsPlus-7.1.6.jar/io.github.thatsmusic99.headsplus.inventories.BaseInventory.onInventoryClick(BaseInventory.java:201) ~[HeadsPlus-7.1.6.jar:?]
	at com.destroystokyo.paper.event.executor.asm.generated.GeneratedEventExecutor299.execute(Unknown Source) ~[?:?]
	at org.bukkit.plugin.EventExecutor$2.execute(EventExecutor.java:77) ~[paper-mojangapi-1.21.1-R0.1-SNAPSHOT.jar:?]
	at co.aikar.timings.TimedEventExecutor.execute(TimedEventExecutor.java:80) ~[paper-mojangapi-1.21.1-R0.1-SNAPSHOT.jar:1.21.1-133-3cb8529]
	at org.bukkit.plugin.RegisteredListener.callEvent(RegisteredListener.java:70) ~[paper-mojangapi-1.21.1-R0.1-SNAPSHOT.jar:?]
	at io.papermc.paper.plugin.manager.PaperEventManager.callEvent(PaperEventManager.java:54) ~[paper-1.21.1.jar:1.21.1-133-3cb8529]
	at io.papermc.paper.plugin.manager.PaperPluginManagerImpl.callEvent(PaperPluginManagerImpl.java:131) ~[paper-1.21.1.jar:1.21.1-133-3cb8529]
	at org.bukkit.plugin.SimplePluginManager.callEvent(SimplePluginManager.java:628) ~[paper-mojangapi-1.21.1-R0.1-SNAPSHOT.jar:?]
	at net.minecraft.server.network.ServerGamePacketListenerImpl.handleContainerClick(ServerGamePacketListenerImpl.java:3224) ~[paper-1.21.1.jar:1.21.1-133-3cb8529]
	at net.minecraft.network.protocol.game.ServerboundContainerClickPacket.handle(ServerboundContainerClickPacket.java:69) ~[paper-1.21.1.jar:1.21.1-133-3cb8529]
	at net.minecraft.network.protocol.game.ServerboundContainerClickPacket.handle(ServerboundContainerClickPacket.java:33) ~[paper-1.21.1.jar:1.21.1-133-3cb8529]
	at net.minecraft.network.protocol.PacketUtils.lambda$ensureRunningOnSameThread$0(PacketUtils.java:56) ~[paper-1.21.1.jar:1.21.1-133-3cb8529]
	at net.minecraft.server.TickTask.run(TickTask.java:18) ~[paper-1.21.1.jar:1.21.1-133-3cb8529]
	at net.minecraft.util.thread.BlockableEventLoop.doRunTask(BlockableEventLoop.java:151) ~[paper-1.21.1.jar:1.21.1-133-3cb8529]
	at net.minecraft.util.thread.ReentrantBlockableEventLoop.doRunTask(ReentrantBlockableEventLoop.java:24) ~[paper-1.21.1.jar:1.21.1-133-3cb8529]
	at net.minecraft.server.MinecraftServer.doRunTask(MinecraftServer.java:1535) ~[paper-1.21.1.jar:1.21.1-133-3cb8529]
	at net.minecraft.server.MinecraftServer.doRunTask(MinecraftServer.java:201) ~[paper-1.21.1.jar:1.21.1-133-3cb8529]
	at net.minecraft.util.thread.BlockableEventLoop.pollTask(BlockableEventLoop.java:125) ~[paper-1.21.1.jar:1.21.1-133-3cb8529]
	at net.minecraft.server.MinecraftServer.pollTaskInternal(MinecraftServer.java:1512) ~[paper-1.21.1.jar:1.21.1-133-3cb8529]
	at net.minecraft.server.MinecraftServer.pollTask(MinecraftServer.java:1505) ~[paper-1.21.1.jar:1.21.1-133-3cb8529]
	at net.minecraft.util.thread.BlockableEventLoop.managedBlock(BlockableEventLoop.java:135) ~[paper-1.21.1.jar:1.21.1-133-3cb8529]
	at net.minecraft.server.MinecraftServer.managedBlock(MinecraftServer.java:1464) ~[paper-1.21.1.jar:1.21.1-133-3cb8529]
	at net.minecraft.server.MinecraftServer.waitUntilNextTick(MinecraftServer.java:1471) ~[paper-1.21.1.jar:1.21.1-133-3cb8529]
	at net.minecraft.server.MinecraftServer.runServer(MinecraftServer.java:1316) ~[paper-1.21.1.jar:1.21.1-133-3cb8529]
	at net.minecraft.server.MinecraftServer.lambda$spin$0(MinecraftServer.java:329) ~[paper-1.21.1.jar:1.21.1-133-3cb8529]
	at java.base/java.lang.Thread.run(Thread.java:1583) ~[?:?]
[21:57:40] [Server thread/INFO]: [TNTRun_reloaded] Potion effect type is invalid: JUMP
[21:57:40] [Server thread/INFO]: [TNTRun_reloaded] Potion effect type is invalid: SLOW
[21:57:40] [Server thread/INFO]: [TNTRun_reloaded] Potion effect type is invalid: CONFUSION
[21:57:51] [Async Chat Thread - #2/INFO]: Chesvin1: What is the vote item for?
[21:57:59] [Async Chat Thread - #2/INFO]: DinoWine: it was already in
[21:58:11] [Server thread/INFO]: [Essentials] CONSOLE issued server command: /list 
[21:58:11] [Server thread/INFO]: There are 2 out of maximum 9,999 players online.
[21:58:11] [Server thread/INFO]: default: Chesvin1, DinoWine
[21:58:47] [Server thread/INFO]: [TNTRun_reloaded] 1. DinoWine, 2. Chesvin1, 3. null
[21:58:53] [Server thread/INFO]: [TNTRun_reloaded] DinoWine has been rewarded 25 coins
[21:58:59] [Async Chat Thread - #3/INFO]: Chesvin1: nice
[21:59:10] [Async Chat Thread - #3/INFO]: DinoWine: :)
[21:59:15] [Async Chat Thread - #3/INFO]: Chesvin1: I see, so it doesn't have any utility? If so I would say to yeet the item
[21:59:38] [Async Chat Thread - #3/INFO]: DinoWine: but yeah the inventory stuff in the arenas was already here, I will try to figure out how it works for next time and probably yeet it
[21:59:56] [Async Chat Thread - #3/INFO]: DinoWine: since yeah no voting yet
[22:00:07] [Async Chat Thread - #3/INFO]: Chesvin1: sounds good
[22:00:14] [Server thread/INFO]: Made Chesvin1 a server operator
[22:00:15] [Server thread/INFO]: Chesvin1 issued server command: /gamemode spectator
[22:00:19] [Server thread/INFO]: Chesvin1 issued server command: /gamemode survival
[22:00:20] [Server thread/INFO]: Chesvin1 issued server command: /gamemode spectator
[22:00:22] [Server thread/INFO]: Chesvin1 issued server command: /gamemode survival
[22:00:22] [Server thread/INFO]: Chesvin1 issued server command: /gamemode spectator
[22:00:25] [Server thread/INFO]: DinoWine issued server command: /gamemode creative
[22:00:26] [Server thread/INFO]: Chesvin1 issued server command: /gamemode survival
[22:00:35] [Async Chat Thread - #3/INFO]: Chesvin1: ow
[22:00:48] [Async Chat Thread - #3/INFO]: DinoWine: little memorial for Fox
[22:00:51] [Async Chat Thread - #4/INFO]: Chesvin1: I was so confused for a moment
[22:00:53] [Async Chat Thread - #4/INFO]: DinoWine: since he was my buddy
[22:00:55] [Async Chat Thread - #4/INFO]: Chesvin1: I couldn't figure out where the head was
[22:00:57] [Async Chat Thread - #4/INFO]: Chesvin1: xD
[22:01:05] [Async Chat Thread - #4/INFO]: DinoWine: dX
[22:01:10] [Server thread/INFO]: DinoWine issued server command: /spawn
[22:01:10] [Server thread/INFO]: DinoWine issued server command: /gamemode survival
[22:01:11] [Async Chat Thread - #4/INFO]: Chesvin1: :{
[22:01:13] [Server thread/INFO]: Chesvin1 issued server command: /spawn
[22:01:13] [Server thread/INFO]: Chesvin1 issued server command: /gamemode survival
[22:01:20] [Server thread/INFO]: [Essentials] CONSOLE issued server command: /list 
[22:01:20] [Server thread/INFO]: There are 2 out of maximum 9,999 players online.
[22:01:20] [Server thread/INFO]: default: Chesvin1, DinoWine
[22:01:20] [Async Chat Thread - #4/INFO]: Chesvin1: Is there a way to get there?
[22:01:20] [Server thread/INFO]: DinoWine issued server command: /gamemode creative
[22:01:25] [Async Chat Thread - #4/INFO]: Chesvin1: like a parkour
[22:01:32] [Server thread/INFO]: Chesvin1 issued server command: /gamemode spectator
[22:01:34] [Server thread/INFO]: Chesvin1 issued server command: /gamemode survival
[22:01:54] [Server thread/INFO]: Chesvin1 fell from a high place
[22:01:57] [Async Chat Thread - #4/INFO]: Chesvin1: ow
[22:02:09] [Async Chat Thread - #4/INFO]: DinoWine: nah, I made the easter eggs creative mode only, basically just something for the server owners to find if they fly around or look thru the files
[22:02:14] [Async Chat Thread - #4/INFO]: Chesvin1: ah alright, nice
[22:02:20] [Async Chat Thread - #4/INFO]: DinoWine: there's one up here too
[22:02:27] [Server thread/INFO]: Chesvin1 issued server command: /gamemode spectator
[22:02:30] [Server thread/INFO]: Chesvin1 issued server command: /gamemode survival
[22:02:44] [Server thread/INFO]: Chesvin1 issued server command: /spawn
[22:02:45] [Server thread/INFO]: Chesvin1 issued server command: /spawn
[22:02:46] [Async Chat Thread - #4/INFO]: DinoWine: no place in this modern world for joinsigns...
[22:02:53] [Server thread/INFO]: Chesvin1 issued server command: /spawn
[22:03:24] [Async Chat Thread - #4/INFO]: Chesvin1: Looks great so far, nice progress :)
[22:03:31] [Async Chat Thread - #4/INFO]: DinoWine: :D
[22:03:59] [Async Chat Thread - #4/INFO]: Chesvin1: How much time do you think the rest of things will take? (MOTD/items in arena/force spawn)
[22:04:28] [Server thread/INFO]: [Essentials] CONSOLE issued server command: /list 
[22:04:28] [Server thread/INFO]: There are 2 out of maximum 9,999 players online.
[22:04:28] [Server thread/INFO]: default: Chesvin1, DinoWine
[22:04:28] [Async Chat Thread - #4/INFO]: DinoWine: I don't think they should take long. Like force spawn is working for me, check this out
[22:04:35] [Server thread/INFO]: DinoWine lost connection: Disconnected
[22:04:35] [Server thread/INFO]: DinoWine Left TNT Run
[22:04:37] [User Authenticator #2/INFO]: UUID of player DinoWine is da46aa56-b125-41ee-b014-04809aa7a0ab
[22:04:39] [Server thread/INFO]: DinoWine[/184.3.203.94:62624] logged in with entity id 174 at ([TNTRun_world]-247.0379990580285, 26.5, 295.3975901574281)
[22:04:39] [Server thread/INFO]: DinoWine Joined TNT Run
[22:04:41] [Async Chat Thread - #4/INFO]: Chesvin1: huh
[22:04:43] [Server thread/INFO]: Chesvin1 lost connection: Disconnected
[22:04:43] [Server thread/INFO]: Chesvin1 Left TNT Run
[22:04:50] [User Authenticator #2/INFO]: UUID of player Chesvin1 is 5a32cd55-9e5f-43bf-9b63-b602a19571a2
[22:04:51] [Server thread/INFO]: Chesvin1[/181.95.241.207:65323] logged in with entity id 175 at ([TNTRun_world]-235.67631048836716, 26.0, 291.05426606762427)
[22:04:51] [Server thread/INFO]: Chesvin1 Joined TNT Run
[22:04:57] [Async Chat Thread - #4/INFO]: DinoWine: o.O
[22:04:58] [Async Chat Thread - #4/INFO]: Chesvin1: ah it worked there, looks like only when you are OP
[22:05:02] [Async Chat Thread - #4/INFO]: DinoWine: ahhhh
[22:05:18] [Async Chat Thread - #4/INFO]: Chesvin1: So probably a permission doing it
[22:05:28] [Async Chat Thread - #4/INFO]: DinoWine: Yup. should be easy to fix spawn in that case
[22:05:40] [Async Chat Thread - #4/INFO]: Chesvin1: Alright, got to go now, let me know the progress next week!
[22:05:55] [Async Chat Thread - #4/INFO]: DinoWine: as for the inventory and motd, shouldn't be too long right?
[22:06:05] [Async Chat Thread - #4/INFO]: DinoWine: can't imagine it being more than next wednesday
[22:06:07] [Async Chat Thread - #4/INFO]: Chesvin1: Yeah that should be quick changes
[22:06:22] [Async Chat Thread - #4/INFO]: Chesvin1: for MOTD you can use a plugin probably
[22:06:28] [Async Chat Thread - #4/INFO]: DinoWine: True
[22:06:31] [Async Chat Thread - #4/INFO]: Chesvin1: To make the RGB gradient
[22:07:21] [Async Chat Thread - #4/INFO]: Chesvin1: The other gametypes are using miniMOTD iirc
[22:07:36] [Async Chat Thread - #4/INFO]: DinoWine: oooo that's good to know, I'll add that to my notes :D
[22:07:37] [Server thread/INFO]: [Essentials] CONSOLE issued server command: /list 
[22:07:37] [Server thread/INFO]: There are 2 out of maximum 9,999 players online.
[22:07:37] [Server thread/INFO]: default: Chesvin1, DinoWine
[22:07:42] [Async Chat Thread - #4/INFO]: Chesvin1: which supports minimessage, it allows making gradients with RGB. I'll send you some tips for it
[22:08:06] [Async Chat Thread - #4/INFO]: DinoWine: TYSM
[22:10:01] [Server thread/INFO]: Chesvin1 lost connection: Disconnected
[22:10:01] [Server thread/INFO]: Chesvin1 Left TNT Run
[22:10:46] [Server thread/INFO]: [Essentials] CONSOLE issued server command: /list 
[22:10:46] [Server thread/INFO]: There are 1 out of maximum 9,999 players online.
[22:10:46] [Server thread/INFO]: default: DinoWine
[22:10:55] [Server thread/INFO]: DinoWine lost connection: Disconnected
[22:10:55] [Server thread/INFO]: DinoWine Left TNT Run
[22:11:06] [Server thread/INFO]: Saving the game (this may take a moment!)
[22:11:06] [Server thread/INFO]: Saved the game
[22:11:06] [Server thread/INFO]: Stopping the server
[22:11:06] [Server thread/INFO]: Stopping server
[22:11:06] [Server thread/INFO]: [TNTRun_reloaded] Disabling TNTRun_reloaded v9.29
[22:11:06] [Server thread/INFO]: [HeadsPlus] Disabling HeadsPlus v7.1.6
[22:11:06] [Server thread/INFO]: [HeadsPlus] §cHeadsPlus §8» §7 HeadsPlus has been disabled!
[22:11:06] [Server thread/INFO]: [Citizens] Disabling Citizens v2.0.35-SNAPSHOT (build 3595)
[22:11:06] [Server thread/INFO]: [TitleManager] Disabling TitleManager v2.3.6
[22:11:06] [Server thread/INFO]: [WorldGuard] Disabling WorldGuard v7.0.12+829a4a4
[22:11:06] [Server thread/INFO]: [WorldGuard] Shutting down executor and cancelling any pending tasks...
[22:11:06] [Server thread/INFO]: [EssentialsSpawn] Disabling EssentialsSpawn v2.21.1
[22:11:06] [Server thread/INFO]: [EssentialsChat] Disabling EssentialsChat v2.21.1
[22:11:06] [Server thread/INFO]: [ajLeaderboards] Disabling ajLeaderboards v2.10.1
[22:11:06] [pool-53-thread-1/INFO]: [ajLeaderboards] Shutting down cache method..
[22:11:06] [pool-53-thread-1/INFO]: [ajLeaderboards] Cache method shut down
[22:11:06] [Server thread/INFO]: [ajLeaderboards] Killing remaining workers
[22:11:06] [Server thread/INFO]: [ajLeaderboards] Remaining workers killed
[22:11:06] [Server thread/INFO]: [ajLeaderboards] ajLeaderboards v2.10.1 disabled.
[22:11:06] [Server thread/INFO]: [Essentials] Disabling Essentials v2.21.1
[22:11:06] [Server thread/INFO]: [Vault] [Economy] Essentials Economy unhooked.
[22:11:06] [Server thread/INFO]: [DecentHolograms] Disabling DecentHolograms v2.9.2
[22:11:06] [Server thread/INFO]: [WorldEdit] Disabling WorldEdit v7.3.9+6959-7adf70b
[22:11:06] [Server thread/INFO]: Unregistering com.sk89q.worldedit.bukkit.BukkitServerInterface from WorldEdit
[22:11:06] [Server thread/INFO]: [HolographicScoreboard] Disabling HolographicScoreboard v1.5.1
[22:11:06] [Server thread/ERROR]: Error occurred while disabling HolographicScoreboard v1.5.1
org.bukkit.plugin.IllegalPluginAccessException: Plugin attempted to register task while disabled
	at org.bukkit.craftbukkit.scheduler.CraftScheduler.validate(CraftScheduler.java:539) ~[paper-1.21.1.jar:1.21.1-133-3cb8529]
	at org.bukkit.craftbukkit.scheduler.CraftScheduler.runTaskTimer(CraftScheduler.java:219) ~[paper-1.21.1.jar:1.21.1-133-3cb8529]
	at org.bukkit.craftbukkit.scheduler.CraftScheduler.runTaskTimer(CraftScheduler.java:210) ~[paper-1.21.1.jar:1.21.1-133-3cb8529]
	at HolographicScoreboard.jar/dk.lockfuglsang.wolfencraft.HolographicScoreboard.scheduleUpdater(HolographicScoreboard.java:113) ~[HolographicScoreboard.jar:?]
	at HolographicScoreboard.jar/dk.lockfuglsang.wolfencraft.HolographicScoreboard.scheduleAll(HolographicScoreboard.java:107) ~[HolographicScoreboard.jar:?]
	at HolographicScoreboard.jar/dk.lockfuglsang.wolfencraft.HolographicScoreboard.loadScoreboards(HolographicScoreboard.java:102) ~[HolographicScoreboard.jar:?]
	at HolographicScoreboard.jar/dk.lockfuglsang.wolfencraft.HolographicScoreboard.reloadConfig(HolographicScoreboard.java:94) ~[HolographicScoreboard.jar:?]
	at org.bukkit.plugin.java.JavaPlugin.getConfig(JavaPlugin.java:156) ~[paper-mojangapi-1.21.1-R0.1-SNAPSHOT.jar:?]
	at HolographicScoreboard.jar/dk.lockfuglsang.wolfencraft.HolographicScoreboard.getConfig(HolographicScoreboard.java:148) ~[HolographicScoreboard.jar:?]
	at HolographicScoreboard.jar/dk.lockfuglsang.wolfencraft.HolographicScoreboard.saveConfig(HolographicScoreboard.java:157) ~[HolographicScoreboard.jar:?]
	at HolographicScoreboard.jar/dk.lockfuglsang.wolfencraft.HolographicScoreboard.onDisable(HolographicScoreboard.java:69) ~[HolographicScoreboard.jar:?]
	at org.bukkit.plugin.java.JavaPlugin.setEnabled(JavaPlugin.java:291) ~[paper-mojangapi-1.21.1-R0.1-SNAPSHOT.jar:?]
	at io.papermc.paper.plugin.manager.PaperPluginInstanceManager.disablePlugin(PaperPluginInstanceManager.java:237) ~[paper-1.21.1.jar:1.21.1-133-3cb8529]
	at io.papermc.paper.plugin.manager.PaperPluginInstanceManager.disablePlugins(PaperPluginInstanceManager.java:161) ~[paper-1.21.1.jar:1.21.1-133-3cb8529]
	at io.papermc.paper.plugin.manager.PaperPluginManagerImpl.disablePlugins(PaperPluginManagerImpl.java:97) ~[paper-1.21.1.jar:1.21.1-133-3cb8529]
	at org.bukkit.plugin.SimplePluginManager.disablePlugins(SimplePluginManager.java:541) ~[paper-mojangapi-1.21.1-R0.1-SNAPSHOT.jar:?]
	at org.bukkit.craftbukkit.CraftServer.disablePlugins(CraftServer.java:610) ~[paper-1.21.1.jar:1.21.1-133-3cb8529]
	at net.minecraft.server.MinecraftServer.stopServer(MinecraftServer.java:1045) ~[paper-1.21.1.jar:1.21.1-133-3cb8529]
	at net.minecraft.server.dedicated.DedicatedServer.stopServer(DedicatedServer.java:847) ~[paper-1.21.1.jar:1.21.1-133-3cb8529]
	at net.minecraft.server.MinecraftServer.runServer(MinecraftServer.java:1351) ~[paper-1.21.1.jar:1.21.1-133-3cb8529]
	at net.minecraft.server.MinecraftServer.lambda$spin$0(MinecraftServer.java:329) ~[paper-1.21.1.jar:1.21.1-133-3cb8529]
	at java.base/java.lang.Thread.run(Thread.java:1583) ~[?:?]
[22:11:06] [Server thread/INFO]: [ProtocolLib] Disabling ProtocolLib v5.3.0
[22:11:06] [Server thread/INFO]: [Vault] Disabling Vault v1.7.3-b131
[22:11:06] [Server thread/INFO]: [ViaVersion] Disabling ViaVersion v5.4.0
[22:11:06] [Server thread/INFO]: [ViaVersion] ViaVersion has been disabled; uninjected the platform and shut down the scheduler.
[22:11:06] [Server thread/INFO]: [PlaceholderAPI] Disabling PlaceholderAPI v2.11.6
[22:11:06] [Server thread/INFO]: [EnhancedBalTop] Disabling EnhancedBalTop v1.6.4.0
[22:11:06] [Server thread/INFO]: Saving players
[22:11:06] [Server thread/INFO]: Saving worlds
[22:11:06] [Server thread/INFO]: Saving chunks for level 'ServerLevel[TNTRun_world]'/minecraft:overworld
[22:11:06] [Server thread/INFO]: [ChunkHolderManager] Waiting 60s for chunk system to halt for world 'TNTRun_world'
[22:11:06] [Server thread/INFO]: [ChunkHolderManager] Halted chunk system for world 'TNTRun_world'
[22:11:06] [Server thread/INFO]: [ChunkHolderManager] Saving all chunkholders for world 'TNTRun_world'
[22:11:06] [Server thread/INFO]: [ChunkHolderManager] Saved 7 block chunks, 5 entity chunks, 0 poi chunks in world 'TNTRun_world' in 0.01s
[22:11:06] [Server thread/INFO]: Saving chunks for level 'ServerLevel[TNTRun_world_nether]'/minecraft:the_nether
[22:11:06] [Server thread/INFO]: [ChunkHolderManager] Waiting 60s for chunk system to halt for world 'TNTRun_world_nether'
[22:11:06] [Server thread/INFO]: [ChunkHolderManager] Halted chunk system for world 'TNTRun_world_nether'
[22:11:06] [Server thread/INFO]: [ChunkHolderManager] Saving all chunkholders for world 'TNTRun_world_nether'
[22:11:06] [Server thread/INFO]: [ChunkHolderManager] Saved 0 block chunks, 0 entity chunks, 0 poi chunks in world 'TNTRun_world_nether' in 0.00s
[22:11:06] [Server thread/INFO]: Saving chunks for level 'ServerLevel[TNTRun_world_the_end]'/minecraft:the_end
[22:11:06] [Server thread/INFO]: [ChunkHolderManager] Waiting 60s for chunk system to halt for world 'TNTRun_world_the_end'
[22:11:06] [Server thread/INFO]: [ChunkHolderManager] Halted chunk system for world 'TNTRun_world_the_end'
[22:11:06] [Server thread/INFO]: [ChunkHolderManager] Saving all chunkholders for world 'TNTRun_world_the_end'
[22:11:06] [Server thread/INFO]: [ChunkHolderManager] Saved 0 block chunks, 10 entity chunks, 0 poi chunks in world 'TNTRun_world_the_end' in 0.00s
[22:11:06] [Server thread/INFO]: ThreadedAnvilChunkStorage (TNTRun_world): All chunks are saved
[22:11:06] [Server thread/INFO]: ThreadedAnvilChunkStorage (DIM-1): All chunks are saved
[22:11:06] [Server thread/INFO]: ThreadedAnvilChunkStorage (DIM1): All chunks are saved
[22:11:06] [Server thread/INFO]: ThreadedAnvilChunkStorage: All dimensions are saved
