[22:06:32] [ServerMain/INFO]: [bootstrap] Running Java 21 (OpenJDK 64-Bit Server VM 21.0.5+11-LTS; Eclipse Adoptium Temurin-21.0.5+11) on Linux 5.15.0-138-generic (amd64)
[22:06:32] [ServerMain/INFO]: [bootstrap] Loading Paper 1.21.1-133-ver/1.21.1@3cb8529 (2025-03-28T16:14:36Z) for Minecraft 1.21.1
[22:06:32] [ServerMain/INFO]: [PluginInitializerManager] Initializing plugins...
[22:06:33] [ServerMain/INFO]: [PluginInitializerManager] Initialized 20 plugins
[22:06:33] [ServerMain/INFO]: [PluginInitializerManager] Bukkit plugins (20):
 - Citizens (2.0.35-SNAPSHOT (build 3595)), CoreProtect (23.0), DecentHolograms (2.9.2), EnhancedBalTop (1.6.4.0), Essentials (2.21.1), EssentialsChat (2.21.1), EssentialsSpawn (2.21.1), HeadsPlus (7.1.6), HolographicScoreboard (1.5.1), MiniMOTD (2.1.3), PlaceholderAPI (2.11.6), ProtocolLib (5.3.0), TNTRun_reloaded (9.29), TitleManager (2.3.6), Vault (1.7.3-b131), ViaBackwards (5.4.3-SNAPSHOT), ViaRewind (4.0.10-SNAPSHOT), ViaVersion (5.5.0-SNAPSHOT), WorldEdit (7.3.9+6959-7adf70b), WorldGuard (7.0.12+829a4a4)
[22:06:35] [ServerMain/INFO]: Environment: Environment[sessionHost=https://sessionserver.mojang.com, servicesHost=https://api.minecraftservices.com, name=PROD]
[22:06:36] [ServerMain/INFO]: Loaded 1290 recipes
[22:06:36] [ServerMain/INFO]: Loaded 1399 advancements
[22:06:36] [Server thread/INFO]: Starting minecraft server version 1.21.1
[22:06:36] [Server thread/INFO]: Loading properties
[22:06:36] [Server thread/INFO]: This server is running Paper version 1.21.1-133-ver/1.21.1@3cb8529 (2025-03-28T16:14:36Z) (Implementing API version 1.21.1-R0.1-SNAPSHOT)
[22:06:37] [Server thread/INFO]: [spark] This server bundles the spark profiler. For more information please visit https://docs.papermc.io/paper/profiling
[22:06:37] [Server thread/INFO]: Server Ping Player Sample Count: 12
[22:06:37] [Server thread/INFO]: Using 4 threads for Netty based IO
[22:06:37] [Server thread/INFO]: [ChunkTaskScheduler] Chunk system is using 1 I/O threads, 1 worker threads, and population gen parallelism of 1 threads
[22:06:38] [Server thread/INFO]: Default game type: SURVIVAL
[22:06:38] [Server thread/INFO]: Generating keypair
[22:06:38] [Server thread/INFO]: Starting Minecraft server on 69.41.177.229:25684
[22:06:38] [Server thread/INFO]: Using epoll channel type
[22:06:38] [Server thread/INFO]: Paper: Using libdeflate (Linux x86_64) compression from Velocity.
[22:06:38] [Server thread/INFO]: Paper: Using OpenSSL 3.x.x (Linux x86_64) cipher from Velocity.
[22:06:38] [Server thread/WARN]: [org.bukkit.craftbukkit.legacy.CraftLegacy] Initializing Legacy Material Support. Unless you have legacy plugins and/or data this is a bug!
[22:06:42] [Server thread/WARN]: Legacy plugin EnhancedBalTop v1.6.4.0 does not specify an api-version.
[22:06:42] [Server thread/WARN]: Legacy plugin HolographicScoreboard v1.5.1 does not specify an api-version.
[22:06:42] [Server thread/INFO]: [SpigotLibraryLoader] [TNTRun_reloaded] Loading 1 libraries... please wait
[22:06:42] [Server thread/INFO]: [SpigotLibraryLoader] [TNTRun_reloaded] Loaded library /home/minecraft/multicraft/servers/server2870839/tntest/libraries/org/apache/commons/commons-lang3/3.12.0/commons-lang3-3.12.0.jar
[22:06:42] [Server thread/INFO]: [EnhancedBalTop] Loading server plugin EnhancedBalTop v1.6.4.0
[22:06:42] [Server thread/INFO]: [PlaceholderAPI] Loading server plugin PlaceholderAPI v2.11.6
[22:06:42] [Server thread/INFO]: [ViaVersion] Loading server plugin ViaVersion v5.5.0-SNAPSHOT
[22:06:42] [Server thread/INFO]: [ViaVersion] ViaVersion 5.5.0-SNAPSHOT is now loaded. Registering protocol transformers and injecting...
[22:06:42] [Via-Mappingloader-0/INFO]: [ViaVersion] Loading block connection mappings ...
[22:06:42] [Via-Mappingloader-0/INFO]: [ViaVersion] Using FastUtil Long2ObjectOpenHashMap for block connections
[22:06:43] [Server thread/INFO]: [ViaBackwards] Loading translations...
[22:06:43] [Server thread/INFO]: [ViaBackwards] Registering protocols...
[22:06:43] [Server thread/INFO]: [ViaRewind] Registering protocols...
[22:06:43] [Server thread/INFO]: [Vault] Loading server plugin Vault v1.7.3-b131
[22:06:43] [Server thread/INFO]: [ViaBackwards] Loading server plugin ViaBackwards v5.4.3-SNAPSHOT
[22:06:43] [Server thread/INFO]: [ProtocolLib] Loading server plugin ProtocolLib v5.3.0
[22:06:43] [Server thread/INFO]: [MiniMOTD] Loading server plugin MiniMOTD v2.1.3
[22:06:43] [Server thread/INFO]: [ViaRewind] Loading server plugin ViaRewind v4.0.10-SNAPSHOT
[22:06:43] [Server thread/INFO]: [HolographicScoreboard] Loading server plugin HolographicScoreboard v1.5.1
[22:06:43] [Server thread/INFO]: [WorldEdit] Loading server plugin WorldEdit v7.3.9+6959-7adf70b
[22:06:43] [Server thread/INFO]: Got request to register class com.sk89q.worldedit.bukkit.BukkitServerInterface with WorldEdit [com.sk89q.worldedit.extension.platform.PlatformManager@61e574d2]
[22:06:43] [Server thread/INFO]: [DecentHolograms] Loading server plugin DecentHolograms v2.9.2
[22:06:43] [Server thread/INFO]: [Essentials] Loading server plugin Essentials v2.21.1
[22:06:43] [Server thread/INFO]: [EssentialsChat] Loading server plugin EssentialsChat v2.21.1
[22:06:43] [Server thread/INFO]: [EssentialsSpawn] Loading server plugin EssentialsSpawn v2.21.1
[22:06:43] [Server thread/INFO]: [WorldGuard] Loading server plugin WorldGuard v7.0.12+829a4a4
[22:06:43] [Server thread/INFO]: [CoreProtect] Loading server plugin CoreProtect v23.0
[22:06:43] [Server thread/INFO]: [TitleManager] Loading server plugin TitleManager v2.3.6
[22:06:43] [Server thread/INFO]: [Citizens] Loading server plugin Citizens v2.0.35-SNAPSHOT (build 3595)
[22:06:43] [Server thread/INFO]: [HeadsPlus] Loading server plugin HeadsPlus v7.1.6
[22:06:43] [Server thread/INFO]: [TNTRun_reloaded] Loading server plugin TNTRun_reloaded v9.29
[22:06:43] [Server thread/INFO]: Server permissions file permissions.yml is empty, ignoring it
[22:06:43] [Server thread/INFO]: [Vault] Enabling Vault v1.7.3-b131
[22:06:43] [Server thread/INFO]: [Vault] [Economy] Essentials Economy found: Waiting
[22:06:43] [Server thread/INFO]: [Vault] [Permission] SuperPermissions loaded as backup permission system.
[22:06:43] [Server thread/INFO]: [Vault] Enabled Version 1.7.3-b131
[22:06:43] [Server thread/INFO]: [ProtocolLib] Enabling ProtocolLib v5.3.0
[22:06:43] [Server thread/INFO]: [ViaRewind] Enabling ViaRewind v4.0.10-SNAPSHOT
[22:06:43] [Server thread/INFO]: [WorldEdit] Enabling WorldEdit v7.3.9+6959-7adf70b
[22:06:43] [Server thread/INFO]: Registering commands with com.sk89q.worldedit.bukkit.BukkitServerInterface
[22:06:44] [Server thread/INFO]: WEPIF: Vault detected! Using Vault for permissions
[22:06:44] [Server thread/INFO]: Using com.sk89q.worldedit.bukkit.adapter.impl.v1_21.PaperweightAdapter as the Bukkit adapter
[22:06:44] [Server thread/INFO]: Preparing level "TNTRun_world"
[22:06:45] [Server thread/INFO]: Preparing start region for dimension minecraft:overworld
[22:06:45] [Server thread/INFO]: Time elapsed: 240 ms
[22:06:45] [Server thread/INFO]: Preparing start region for dimension minecraft:the_nether
[22:06:45] [Server thread/INFO]: Time elapsed: 86 ms
[22:06:45] [Server thread/INFO]: Preparing start region for dimension minecraft:the_end
[22:06:45] [Server thread/INFO]: Time elapsed: 356 ms
[22:06:45] [Server thread/INFO]: [EnhancedBalTop] Enabling EnhancedBalTop v1.6.4.0*
[22:06:45] [Server thread/INFO]: [EnhBalTop] Failed To Check For Update.....
[22:06:45] [Server thread/INFO]: [EnhBalTop] Hooked Successfully Into Vault Economy (EssentialsX Economy)
[22:06:45] [Server thread/INFO]: [EnhBalTop] Hooked Successfully Into Vault Permissions (SuperPerms)
[22:06:45] [Server thread/INFO]: [PlaceholderAPI] Enabling PlaceholderAPI v2.11.6
[22:06:45] [Server thread/INFO]: [PlaceholderAPI] Fetching available expansion information...
[22:06:45] [Server thread/INFO]: [ViaVersion] Enabling ViaVersion v5.5.0-SNAPSHOT
[22:06:45] [Server thread/INFO]: [ViaVersion] ViaVersion detected server version: 1.21-1.21.1 (767)
[22:06:45] [Server thread/INFO]: [ViaBackwards] Enabling ViaBackwards v5.4.3-SNAPSHOT
[22:06:45] [Server thread/INFO]: [MiniMOTD] Enabling MiniMOTD v2.1.3
[22:06:46] [Server thread/INFO]: [HolographicScoreboard] Enabling HolographicScoreboard v1.5.1*
[22:06:46] [Server thread/ERROR]: [HolographicScoreboard] *** ProtocolLib and HolographicDisplays or Holograms is required! ***
=> HolographicScoreboard will be disabled!!
[22:06:46] [Server thread/INFO]: [DecentHolograms] Enabling DecentHolograms v2.9.2
[22:06:46] [Server thread/INFO]: [DecentHolograms] Initialized NMS adapter for v1_21_R1 (1.21.1).
[22:06:46] [Server thread/INFO]: [NBTAPI] [NBTAPI] Found Minecraft: 1.21.1! Trying to find NMS support
[22:06:46] [Server thread/INFO]: [NBTAPI] [NBTAPI] NMS support 'MC1_21_R1' loaded!
[22:06:46] [Server thread/INFO]: [NBTAPI] [NBTAPI] Using the plugin 'DecentHolograms' to create a bStats instance!
[22:06:46] [Server thread/INFO]: [DecentHolograms] NBT-API loaded successfully.
[22:06:46] [Server thread/INFO]: [Essentials] Enabling Essentials v2.21.1
[22:06:46] [Server thread/ERROR]: [Essentials] You are running an unsupported server version!
[22:06:46] [Server thread/INFO]: [Essentials] Attempting to convert old kits in config.yml to new kits.yml
[22:06:46] [Server thread/INFO]: [Essentials] No kits found to migrate.
[22:06:46] [Server thread/INFO]: [Essentials] Selected 1.21+ InventoryView Interface ABI Provider as the provider for InventoryViewProvider
[22:06:46] [Server thread/INFO]: [Essentials] Selected 1.20.5+ Banner Data Provider as the provider for BannerDataProvider
[22:06:46] [Server thread/INFO]: [Essentials] Selected 1.11+ Item Unbreakable Provider as the provider for ItemUnbreakableProvider
[22:06:46] [Server thread/INFO]: [Essentials] Selected Reflection Online Mode Provider as the provider for OnlineModeProvider
[22:06:46] [Server thread/INFO]: [Essentials] Selected 1.8.3+ Spawner Item Provider as the provider for SpawnerItemProvider
[22:06:46] [Server thread/INFO]: [Essentials] Selected Paper Serialization Provider as the provider for SerializationProvider
[22:06:46] [Server thread/INFO]: [Essentials] Selected Reflection Sync Commands Provider as the provider for SyncCommandsProvider
[22:06:46] [Server thread/INFO]: [Essentials] Selected Paper Tick Count Provider as the provider for TickCountProvider
[22:06:46] [Server thread/INFO]: [Essentials] Selected 1.14+ Sign Data Provider as the provider for SignDataProvider
[22:06:46] [Server thread/INFO]: [Essentials] Selected 1.20.6+ Potion Meta Provider as the provider for PotionMetaProvider
[22:06:46] [Server thread/INFO]: [Essentials] Selected 1.14.4+ Persistent Data Container Provider as the provider for PersistentDataProvider
[22:06:46] [Server thread/INFO]: [Essentials] Selected Paper Known Commands Provider as the provider for KnownCommandsProvider
[22:06:46] [Server thread/INFO]: [Essentials] Selected Paper Biome Key Provider as the provider for BiomeKeyProvider
[22:06:46] [Server thread/INFO]: [Essentials] Selected 1.12+ Spawner Block Provider as the provider for SpawnerBlockProvider
[22:06:46] [Server thread/INFO]: [Essentials] Selected Reflection Formatted Command Alias Provider as the provider for FormattedCommandAliasProvider
[22:06:46] [Server thread/INFO]: [Essentials] Selected Paper Container Provider as the provider for ContainerProvider
[22:06:46] [Server thread/INFO]: [Essentials] Selected 1.20.4+ Damage Event Provider as the provider for DamageEventProvider
[22:06:46] [Server thread/INFO]: [Essentials] Selected Paper Material Tag Provider as the provider for MaterialTagProvider
[22:06:46] [Server thread/INFO]: [Essentials] Selected 1.12.2+ Player Locale Provider as the provider for PlayerLocaleProvider
[22:06:46] [Server thread/INFO]: [Essentials] Selected 1.17.1+ World Info Provider as the provider for WorldInfoProvider
[22:06:46] [Server thread/INFO]: [Essentials] Selected Paper Server State Provider as the provider for ServerStateProvider
[22:06:46] [Server thread/INFO]: [Essentials] Selected 1.13+ Spawn Egg Provider as the provider for SpawnEggProvider
[22:06:46] [Server thread/INFO]: [Essentials] Loaded 43517 items from items.json.
[22:06:46] [Server thread/INFO]: [Essentials] Using locale en_US
[22:06:46] [Server thread/INFO]: [Essentials] ServerListPingEvent: Spigot iterator API
[22:06:46] [Server thread/INFO]: [Essentials] Starting Metrics. Opt-out using the global bStats config.
[22:06:46] [Server thread/INFO]: [Vault] [Economy] Essentials Economy hooked.
[22:06:46] [Server thread/INFO]: [Essentials] Using superperms-based permissions.
[22:06:46] [Server thread/INFO]: [EssentialsChat] Enabling EssentialsChat v2.21.1
[22:06:46] [Server thread/INFO]: [EssentialsChat] Starting Metrics. Opt-out using the global bStats config.
[22:06:46] [Server thread/INFO]: [EssentialsSpawn] Enabling EssentialsSpawn v2.21.1
[22:06:46] [Server thread/INFO]: [EssentialsSpawn] Starting Metrics. Opt-out using the global bStats config.
[22:06:46] [Server thread/INFO]: [WorldGuard] Enabling WorldGuard v7.0.12+829a4a4
[22:06:46] [Server thread/INFO]: [WorldGuard] (TNTRun_world) TNT ignition is PERMITTED.
[22:06:46] [Server thread/INFO]: [WorldGuard] (TNTRun_world) Lighters are PERMITTED.
[22:06:46] [Server thread/INFO]: [WorldGuard] (TNTRun_world) Lava fire is blocked.
[22:06:46] [Server thread/INFO]: [WorldGuard] (TNTRun_world) Fire spread is UNRESTRICTED.
[22:06:46] [Server thread/INFO]: [WorldGuard] Loaded configuration for world 'TNTRun_world'
[22:06:46] [Server thread/INFO]: [WorldGuard] (TNTRun_world_nether) TNT ignition is PERMITTED.
[22:06:46] [Server thread/INFO]: [WorldGuard] (TNTRun_world_nether) Lighters are PERMITTED.
[22:06:46] [Server thread/INFO]: [WorldGuard] (TNTRun_world_nether) Lava fire is blocked.
[22:06:46] [Server thread/INFO]: [WorldGuard] (TNTRun_world_nether) Fire spread is UNRESTRICTED.
[22:06:46] [Server thread/INFO]: [WorldGuard] Loaded configuration for world 'TNTRun_world_nether'
[22:06:46] [Server thread/INFO]: [WorldGuard] (TNTRun_world_the_end) TNT ignition is PERMITTED.
[22:06:46] [Server thread/INFO]: [WorldGuard] (TNTRun_world_the_end) Lighters are PERMITTED.
[22:06:46] [Server thread/INFO]: [WorldGuard] (TNTRun_world_the_end) Lava fire is blocked.
[22:06:46] [Server thread/INFO]: [WorldGuard] (TNTRun_world_the_end) Fire spread is UNRESTRICTED.
[22:06:46] [Server thread/INFO]: [WorldGuard] Loaded configuration for world 'TNTRun_world_the_end'
[22:06:46] [Server thread/INFO]: [WorldGuard] Loading region data...
[22:06:46] [Server thread/INFO]: [CoreProtect] Enabling CoreProtect v23.0
[22:06:47] [Server thread/INFO]: [CoreProtect] CoreProtect Community Edition has been successfully enabled! 
[22:06:47] [Server thread/INFO]: [CoreProtect] Using SQLite for data storage.
[22:06:47] [Server thread/INFO]: --------------------
[22:06:47] [Server thread/INFO]: [CoreProtect] Enjoy CoreProtect? Join our Discord!
[22:06:47] [Server thread/INFO]: [CoreProtect] Discord: www.coreprotect.net/discord/
[22:06:47] [Server thread/INFO]: --------------------
[22:06:47] [Server thread/INFO]: [TitleManager] Enabling TitleManager v2.3.6
[22:06:47] [Server thread/INFO]: [Citizens] Enabling Citizens v2.0.35-SNAPSHOT (build 3595)
[22:06:47] [Server thread/INFO]: [Citizens] Loading external libraries
[22:06:47] [Server thread/INFO]: [Citizens] Using mojmapped server, avoiding server package checks
[22:06:47] [Server thread/INFO]: [Citizens] Loaded 0 templates.
[22:06:47] [Server thread/INFO]: [PlaceholderAPI] Successfully registered internal expansion: citizensplaceholder [1.0.0]
[22:06:47] [Server thread/INFO]: [Citizens] Loaded economy handling via Vault.
[22:06:47] [Server thread/INFO]: [HeadsPlus] Enabling HeadsPlus v7.1.6
[22:06:47] [Server thread/INFO]: [HeadsPlus] Using the PaperProfileHandler profile handler.
[22:06:47] [Server thread/INFO]: [HeadsPlus] Registered 445 heads.
[22:06:47] [Server thread/INFO]: [HeadsPlus] Registered 3 masks.
[22:06:47] [Server thread/INFO]: [PlaceholderAPI] Successfully registered internal expansion: headsplus [7.1.6]
[22:06:47] [Server thread/INFO]: [HeadsPlus] We've registered our PAPI placeholders!
[22:06:47] [Server thread/INFO]: HeadsPlus »  HeadsPlus has been enabled!
[22:06:47] [Server thread/INFO]:     __  __               __     ____  __                   _____
[22:06:47] [Server thread/INFO]:    / / / /__  ____ _____/ /____/ __ \/ /_  _______   _   _/__  /
[22:06:47] [Server thread/INFO]:   / /_/ / _ \/ __ `/ __  / ___/ /_/ / / / / / ___/  | | / / / / 
[22:06:47] [Server thread/INFO]:  / __  /  __/ /_/ / /_/ /__  / ____/ / /_/ /__  /   | |/ / / /  
[22:06:47] [Server thread/INFO]: /_/ /_/\___/\__,_/\__,_/____/_/   /_/\__,_/____/    |___/ /_/  
[22:06:47] [Server thread/INFO]:                                                                 
[22:06:47] [Server thread/INFO]: HeadsPlus 7.1.6 has been enabled successfully!
[22:06:47] [Server thread/INFO]: 
[22:06:47] [Server thread/INFO]: [TNTRun_reloaded] Enabling TNTRun_reloaded v9.29
[22:06:47] [Server thread/INFO]: [TNTRun_reloaded] Successfully linked with HeadsPlus, version 7.1.6
[22:06:47] [Server thread/INFO]: [TNTRun_reloaded] Successfully linked with PlaceholderAPI, version 2.11.6
[22:06:47] [Server thread/INFO]: [PlaceholderAPI] Successfully registered internal expansion: tntrun [9.29]
[22:06:47] [Server thread/INFO]: [TNTRun_reloaded] Successfully linked with Vault, version 1.7.3-b131
[22:06:47] [Server thread/INFO]: [TNTRun_reloaded] Vault: economy enabled.
[22:06:47] [Server thread/INFO]: [TNTRun_reloaded] Vault: chat plugin not detected.
[22:06:47] [Server thread/INFO]: [TNTRun_reloaded] Attempting to start metrics (bStats)...
[22:06:48] [Server thread/INFO]: [spark] Starting background profiler...
[22:06:48] [Server thread/INFO]: [PlaceholderAPI] Placeholder expansion registration initializing...
[22:06:48] [Server thread/INFO]: Done preparing level "TNTRun_world" (3.558s)
[22:06:48] [Server thread/INFO]: Running delayed init tasks
[22:06:48] [Craft Scheduler Thread - 4 - ViaVersion/INFO]: [ViaVersion] Finished mapping loading, shutting down loader executor.
[22:06:48] [Craft Scheduler Thread - 3 - EnhancedBalTop/INFO]: [EnhBalTop] Hooked Successfully Into PlaceholderAPI v2.11.6
[22:06:48] [Craft Scheduler Thread - 0 - DecentHolograms/INFO]: [DecentHolograms] Loading holograms... 
[22:06:48] [Craft Scheduler Thread - 3 - Vault/INFO]: [Vault] Checking for Updates ... 
[22:06:48] [Server thread/INFO]: [Essentials] Essentials found a compatible payment resolution method: Vault Compatibility Layer (v1.7.3-b131)!
[22:06:48] [Craft Scheduler Thread - 8 - Essentials/INFO]: [Essentials] Fetching version information...
[22:06:48] [Craft Scheduler Thread - 2 - HeadsPlus/INFO]: [HeadsPlus] Registered 1 rewards.
[22:06:48] [Craft Scheduler Thread - 2 - HeadsPlus/INFO]: [HeadsPlus] Registered 36 levels.
[22:06:48] [Craft Scheduler Thread - 11 - HeadsPlus/INFO]: [HeadsPlus] Expected count: 1, actual: 1
[22:06:48] [Craft Scheduler Thread - 0 - DecentHolograms/INFO]: [DecentHolograms] Loaded 15 holograms!
[22:06:48] [Server thread/INFO]: [CoreProtect] WorldEdit logging successfully initialized.
[22:06:48] [Server thread/WARN]: [PlaceholderAPI] Failed to load external expansion tntrun. Identifier is already in use.
[22:06:48] [Server thread/WARN]: [PlaceholderAPI] Cannot load expansion tntrun due to an unknown issue.
[22:06:48] [Server thread/INFO]: 0 placeholder hook(s) registered!
[22:06:48] [Craft Scheduler Thread - 7 - DecentHolograms/INFO]: 
A newer version of DecentHolograms is available. Download it from: 
- https://www.spigotmc.org/resources/96927/
- https://modrinth.com/plugin/decentholograms
[22:06:48] [Craft Scheduler Thread - 12 - HeadsPlus/INFO]: [HeadsPlus] §cHeadsPlus §8» §7 Plugin is up to date!
[22:06:48] [Craft Scheduler Thread - 3 - Vault/INFO]: [Vault] No new version available
[22:06:48] [Server thread/INFO]: [Citizens] Loaded 14 NPCs.
[22:06:48] [Server thread/INFO]: Done (16.193s)! For help, type "help"
[22:06:48] [Server thread/INFO]: Timings Reset
[22:06:48] [Server thread/INFO]: [ViaVersion] You are running a development version of the plugin, please report any bugs to GitHub.
[22:06:48] [Craft Scheduler Thread - 1 - MiniMOTD/INFO]: [MiniMOTD] There is an update available for MiniMOTD!
[22:06:48] [Craft Scheduler Thread - 1 - MiniMOTD/INFO]: [MiniMOTD] This server is running version v2.1.3, which is 5 versions outdated.
[22:06:48] [Craft Scheduler Thread - 1 - MiniMOTD/INFO]: [MiniMOTD] Download the latest version, v2.1.8 from GitHub at the link below:
[22:06:48] [Craft Scheduler Thread - 1 - MiniMOTD/INFO]: [MiniMOTD] https://github.com/jpenilla/MiniMOTD/releases/tag/v2.1.8
[22:06:48] [Craft Scheduler Thread - 8 - Essentials/WARN]: [Essentials] There is a new EssentialsX version available for download: 2.21.2.
[22:06:48] [Craft Scheduler Thread - 8 - Essentials/WARN]: [Essentials] Download it here: https://essentialsx.net/downloads.html?branch=stable
[22:06:49] [Server thread/INFO]: [HeadsPlus] Avengers, assemble!
[22:06:49] [Craft Scheduler Thread - 3 - TNTRun_reloaded/INFO]: [TNTRun_reloaded] Current version: 9.29
[22:06:49] [Craft Scheduler Thread - 3 - TNTRun_reloaded/INFO]: [TNTRun_reloaded] Latest release: 9.32
[22:06:49] [Craft Scheduler Thread - 3 - TNTRun_reloaded/INFO]: [TNTRun_reloaded] Latest release available from Spigot: https://www.spigotmc.org/resources/TNTRun_reloaded.53359/
[22:06:53] [Server thread/INFO]: [EnhBalTop] Fetched And Sorted 0 OffLine Player Balances
[22:06:58] [Server thread/INFO]: Saving the game (this may take a moment!)
[22:07:00] [Server thread/INFO]: Saved the game
[22:07:00] [Server thread/INFO]: Stopping the server
[22:07:00] [Server thread/INFO]: Stopping server
[22:07:00] [Server thread/INFO]: [TNTRun_reloaded] Disabling TNTRun_reloaded v9.29
[22:07:00] [Server thread/INFO]: [HeadsPlus] Disabling HeadsPlus v7.1.6
[22:07:00] [Server thread/INFO]: [HeadsPlus] §cHeadsPlus §8» §7 HeadsPlus has been disabled!
[22:07:00] [Server thread/INFO]: [Citizens] Disabling Citizens v2.0.35-SNAPSHOT (build 3595)
[22:07:00] [Server thread/INFO]: [TitleManager] Disabling TitleManager v2.3.6
[22:07:00] [Server thread/INFO]: [CoreProtect] Disabling CoreProtect v23.0
[22:07:00] [Server thread/INFO]: [CoreProtect] Finishing up data logging. Please wait...
[22:07:01] [Server thread/INFO]: [CoreProtect] Success! Disabled CoreProtect v23.0
[22:07:01] [Server thread/INFO]: [WorldGuard] Disabling WorldGuard v7.0.12+829a4a4
[22:07:01] [Server thread/INFO]: [WorldGuard] Shutting down executor and cancelling any pending tasks...
[22:07:01] [Server thread/INFO]: [EssentialsSpawn] Disabling EssentialsSpawn v2.21.1
[22:07:01] [Server thread/INFO]: [EssentialsChat] Disabling EssentialsChat v2.21.1
[22:07:01] [Server thread/INFO]: [Essentials] Disabling Essentials v2.21.1
[22:07:01] [Server thread/INFO]: [Vault] [Economy] Essentials Economy unhooked.
[22:07:01] [Server thread/INFO]: [DecentHolograms] Disabling DecentHolograms v2.9.2
[22:07:01] [Server thread/INFO]: [WorldEdit] Disabling WorldEdit v7.3.9+6959-7adf70b
[22:07:01] [Server thread/INFO]: Unregistering com.sk89q.worldedit.bukkit.BukkitServerInterface from WorldEdit
[22:07:01] [Server thread/INFO]: [HolographicScoreboard] Disabling HolographicScoreboard v1.5.1
[22:07:01] [Server thread/ERROR]: Error occurred while disabling HolographicScoreboard v1.5.1
org.bukkit.plugin.IllegalPluginAccessException: Plugin attempted to register task while disabled
	at org.bukkit.craftbukkit.scheduler.CraftScheduler.validate(CraftScheduler.java:539) ~[paper-1.21.1.jar:1.21.1-133-3cb8529]
	at org.bukkit.craftbukkit.scheduler.CraftScheduler.runTaskTimer(CraftScheduler.java:219) ~[paper-1.21.1.jar:1.21.1-133-3cb8529]
	at org.bukkit.craftbukkit.scheduler.CraftScheduler.runTaskTimer(CraftScheduler.java:210) ~[paper-1.21.1.jar:1.21.1-133-3cb8529]
	at HolographicScoreboard.jar/dk.lockfuglsang.wolfencraft.HolographicScoreboard.scheduleUpdater(HolographicScoreboard.java:113) ~[HolographicScoreboard.jar:?]
	at HolographicScoreboard.jar/dk.lockfuglsang.wolfencraft.HolographicScoreboard.scheduleAll(HolographicScoreboard.java:107) ~[HolographicScoreboard.jar:?]
	at HolographicScoreboard.jar/dk.lockfuglsang.wolfencraft.HolographicScoreboard.loadScoreboards(HolographicScoreboard.java:102) ~[HolographicScoreboard.jar:?]
	at HolographicScoreboard.jar/dk.lockfuglsang.wolfencraft.HolographicScoreboard.reloadConfig(HolographicScoreboard.java:94) ~[HolographicScoreboard.jar:?]
	at org.bukkit.plugin.java.JavaPlugin.getConfig(JavaPlugin.java:156) ~[paper-mojangapi-1.21.1-R0.1-SNAPSHOT.jar:?]
	at HolographicScoreboard.jar/dk.lockfuglsang.wolfencraft.HolographicScoreboard.getConfig(HolographicScoreboard.java:148) ~[HolographicScoreboard.jar:?]
	at HolographicScoreboard.jar/dk.lockfuglsang.wolfencraft.HolographicScoreboard.saveConfig(HolographicScoreboard.java:157) ~[HolographicScoreboard.jar:?]
	at HolographicScoreboard.jar/dk.lockfuglsang.wolfencraft.HolographicScoreboard.onDisable(HolographicScoreboard.java:69) ~[HolographicScoreboard.jar:?]
	at org.bukkit.plugin.java.JavaPlugin.setEnabled(JavaPlugin.java:291) ~[paper-mojangapi-1.21.1-R0.1-SNAPSHOT.jar:?]
	at io.papermc.paper.plugin.manager.PaperPluginInstanceManager.disablePlugin(PaperPluginInstanceManager.java:237) ~[paper-1.21.1.jar:1.21.1-133-3cb8529]
	at io.papermc.paper.plugin.manager.PaperPluginInstanceManager.disablePlugins(PaperPluginInstanceManager.java:161) ~[paper-1.21.1.jar:1.21.1-133-3cb8529]
	at io.papermc.paper.plugin.manager.PaperPluginManagerImpl.disablePlugins(PaperPluginManagerImpl.java:97) ~[paper-1.21.1.jar:1.21.1-133-3cb8529]
	at org.bukkit.plugin.SimplePluginManager.disablePlugins(SimplePluginManager.java:541) ~[paper-mojangapi-1.21.1-R0.1-SNAPSHOT.jar:?]
	at org.bukkit.craftbukkit.CraftServer.disablePlugins(CraftServer.java:610) ~[paper-1.21.1.jar:1.21.1-133-3cb8529]
	at net.minecraft.server.MinecraftServer.stopServer(MinecraftServer.java:1045) ~[paper-1.21.1.jar:1.21.1-133-3cb8529]
	at net.minecraft.server.dedicated.DedicatedServer.stopServer(DedicatedServer.java:847) ~[paper-1.21.1.jar:1.21.1-133-3cb8529]
	at net.minecraft.server.MinecraftServer.runServer(MinecraftServer.java:1351) ~[paper-1.21.1.jar:1.21.1-133-3cb8529]
	at net.minecraft.server.MinecraftServer.lambda$spin$0(MinecraftServer.java:329) ~[paper-1.21.1.jar:1.21.1-133-3cb8529]
	at java.base/java.lang.Thread.run(Thread.java:1583) ~[?:?]
[22:07:01] [Server thread/INFO]: [ViaRewind] Disabling ViaRewind v4.0.10-SNAPSHOT
[22:07:01] [Server thread/INFO]: [MiniMOTD] Disabling MiniMOTD v2.1.3
[22:07:01] [Server thread/INFO]: [ProtocolLib] Disabling ProtocolLib v5.3.0
[22:07:01] [Server thread/INFO]: [ViaBackwards] Disabling ViaBackwards v5.4.3-SNAPSHOT
[22:07:01] [Server thread/INFO]: [Vault] Disabling Vault v1.7.3-b131
[22:07:01] [Server thread/INFO]: [ViaVersion] Disabling ViaVersion v5.5.0-SNAPSHOT
[22:07:01] [Server thread/INFO]: [ViaVersion] ViaVersion has been disabled; uninjected the platform and shut down the scheduler.
[22:07:01] [Server thread/INFO]: [PlaceholderAPI] Disabling PlaceholderAPI v2.11.6
[22:07:01] [Server thread/INFO]: [EnhancedBalTop] Disabling EnhancedBalTop v1.6.4.0
[22:07:01] [Server thread/INFO]: Saving players
[22:07:01] [Server thread/INFO]: Saving worlds
[22:07:01] [Server thread/INFO]: Saving chunks for level 'ServerLevel[TNTRun_world]'/minecraft:overworld
[22:07:01] [Server thread/INFO]: [ChunkHolderManager] Waiting 60s for chunk system to halt for world 'TNTRun_world'
[22:07:01] [Server thread/INFO]: [ChunkHolderManager] Halted chunk system for world 'TNTRun_world'
[22:07:01] [Server thread/INFO]: [ChunkHolderManager] Saving all chunkholders for world 'TNTRun_world'
[22:07:01] [Server thread/INFO]: [ChunkHolderManager] Saved 7 block chunks, 0 entity chunks, 0 poi chunks in world 'TNTRun_world' in 0.01s
[22:07:01] [Server thread/INFO]: Saving chunks for level 'ServerLevel[TNTRun_world_nether]'/minecraft:the_nether
[22:07:01] [Server thread/INFO]: [ChunkHolderManager] Waiting 60s for chunk system to halt for world 'TNTRun_world_nether'
[22:07:01] [Server thread/INFO]: [ChunkHolderManager] Halted chunk system for world 'TNTRun_world_nether'
[22:07:01] [Server thread/INFO]: [ChunkHolderManager] Saving all chunkholders for world 'TNTRun_world_nether'
[22:07:01] [Server thread/INFO]: [ChunkHolderManager] Saved 0 block chunks, 0 entity chunks, 0 poi chunks in world 'TNTRun_world_nether' in 0.00s
[22:07:01] [Server thread/INFO]: Saving chunks for level 'ServerLevel[TNTRun_world_the_end]'/minecraft:the_end
[22:07:01] [Server thread/INFO]: [ChunkHolderManager] Waiting 60s for chunk system to halt for world 'TNTRun_world_the_end'
[22:07:01] [Server thread/INFO]: [ChunkHolderManager] Halted chunk system for world 'TNTRun_world_the_end'
[22:07:01] [Server thread/INFO]: [ChunkHolderManager] Saving all chunkholders for world 'TNTRun_world_the_end'
[22:07:01] [Server thread/INFO]: [ChunkHolderManager] Saved 0 block chunks, 10 entity chunks, 0 poi chunks in world 'TNTRun_world_the_end' in 0.00s
[22:07:01] [Server thread/INFO]: ThreadedAnvilChunkStorage (TNTRun_world): All chunks are saved
[22:07:01] [Server thread/INFO]: ThreadedAnvilChunkStorage (DIM-1): All chunks are saved
[22:07:01] [Server thread/INFO]: ThreadedAnvilChunkStorage (DIM1): All chunks are saved
[22:07:01] [Server thread/INFO]: ThreadedAnvilChunkStorage: All dimensions are saved
